Unity Editor version:    2022.3.4f1 (35713cd46cd7)
Branch:                  2022.3/staging
Build type:              Release
Batch mode:              YES
macOS version:           Version 15.4.1 (Build 24E263)
Darwin version:          24.4.0
Architecture:            arm64
Running under Rosetta:   NO
Available memory:        16384 MB
Using pre-set license
Pro License: YES

COMMAND LINE ARGUMENTS:
/Applications/Unity/Hub/Editor/2022.3.4f1/Unity.app/Contents/MacOS/Unity
-adb2
-batchMode
-noUpm
-name
AssetImportWorker0
-projectPath
/Users/sonyagenova/Documents/Documents/Unity/Raiko Conchev
-logFile
Logs/AssetImportWorker0.log
-srvPort
65455
Successfully changed project path to: /Users/sonyagenova/Documents/Documents/Unity/Raiko Conchev
/Users/sonyagenova/Documents/Documents/Unity/Raiko Conchev
[UnityMemory] Configuration Parameters - Can be set up in boot.config
    "memorysetup-bucket-allocator-granularity=16"
    "memorysetup-bucket-allocator-bucket-count=8"
    "memorysetup-bucket-allocator-block-size=33554432"
    "memorysetup-bucket-allocator-block-count=8"
    "memorysetup-main-allocator-block-size=16777216"
    "memorysetup-thread-allocator-block-size=16777216"
    "memorysetup-gfx-main-allocator-block-size=16777216"
    "memorysetup-gfx-thread-allocator-block-size=16777216"
    "memorysetup-cache-allocator-block-size=4194304"
    "memorysetup-typetree-allocator-block-size=2097152"
    "memorysetup-profiler-bucket-allocator-granularity=16"
    "memorysetup-profiler-bucket-allocator-bucket-count=8"
    "memorysetup-profiler-bucket-allocator-block-size=33554432"
    "memorysetup-profiler-bucket-allocator-block-count=8"
    "memorysetup-profiler-allocator-block-size=16777216"
    "memorysetup-profiler-editor-allocator-block-size=1048576"
    "memorysetup-temp-allocator-size-main=16777216"
    "memorysetup-job-temp-allocator-block-size=2097152"
    "memorysetup-job-temp-allocator-block-size-background=1048576"
    "memorysetup-job-temp-allocator-reduction-small-platforms=262144"
    "memorysetup-allocator-temp-initial-block-size-main=262144"
    "memorysetup-allocator-temp-initial-block-size-worker=262144"
    "memorysetup-temp-allocator-size-background-worker=32768"
    "memorysetup-temp-allocator-size-job-worker=262144"
    "memorysetup-temp-allocator-size-preload-manager=33554432"
    "memorysetup-temp-allocator-size-nav-mesh-worker=65536"
    "memorysetup-temp-allocator-size-audio-worker=65536"
    "memorysetup-temp-allocator-size-cloud-worker=32768"
    "memorysetup-temp-allocator-size-gi-baking-worker=262144"
    "memorysetup-temp-allocator-size-gfx=262144"
Player connection [8369671296] Host "[IP] 192.168.59.211 [Port] 0 [Flags] 2 [Guid] 3104252044 [EditorId] 3104252044 [Version] 1048832 [Id] OSXEditor(0,Sonyas-MacBook-Pro.local) [Debug] 1 [PackageName] OSXEditor [ProjectName] Editor" joined multi-casting on [225.0.0.222:54997]...

Player connection [8369671296] Host "[IP] 192.168.59.211 [Port] 0 [Flags] 2 [Guid] 3104252044 [EditorId] 3104252044 [Version] 1048832 [Id] OSXEditor(0,Sonyas-MacBook-Pro.local) [Debug] 1 [PackageName] OSXEditor [ProjectName] Editor" joined alternative multi-casting on [225.0.0.222:34997]...

Refreshing native plugins compatible for Editor in 12.60 ms, found 4 plugins.
Preloading 0 native plugins for Editor in 0.00 ms.
Initialize engine version: 2022.3.4f1 (35713cd46cd7)
[Subsystems] Discovering subsystems at path /Applications/Unity/Hub/Editor/2022.3.4f1/Unity.app/Contents/Resources/UnitySubsystems
[Subsystems] Discovering subsystems at path /Users/sonyagenova/Documents/Documents/Unity/Raiko Conchev/Assets
GfxDevice: creating device client; threaded=0; jobified=0
 preferred device: Apple M1 Pro (high power)
Metal devices available: 1
0: Apple M1 Pro (high power)
Using device Apple M1 Pro (high power)
Initializing Metal device caps: Apple M1 Pro
Initialize mono
Mono path[0] = '/Applications/Unity/Hub/Editor/2022.3.4f1/Unity.app/Contents/Managed'
Mono path[1] = '/Applications/Unity/Hub/Editor/2022.3.4f1/Unity.app/Contents/MonoBleedingEdge/lib/mono/unityjit-macos'
Mono config path = '/Applications/Unity/Hub/Editor/2022.3.4f1/Unity.app/Contents/MonoBleedingEdge/etc'
Using monoOptions --debugger-agent=transport=dt_socket,embedding=1,server=y,suspend=n,address=127.0.0.1:56066
Begin MonoManager ReloadAssembly
Registering precompiled unity dll's ...
Register platform support module: /Applications/Unity/Hub/Editor/2022.3.4f1/PlaybackEngines/WebGLSupport/UnityEditor.WebGL.Extensions.dll
Register platform support module: /Applications/Unity/Hub/Editor/2022.3.4f1/Unity.app/Contents/PlaybackEngines/MacStandaloneSupport/UnityEditor.OSXStandalone.Extensions.dll
Registered in 0.002215 seconds.
- Loaded All Assemblies, in  0.310 seconds
Native extension for OSXStandalone target not found
Native extension for WebGL target not found
Mono: successfully reloaded assembly
- Finished resetting the current domain, in  0.192 seconds
Domain Reload Profiling: 502ms
	BeginReloadAssembly (96ms)
		ExecutionOrderSort (0ms)
		DisableScriptedObjects (0ms)
		BackupInstance (0ms)
		ReleaseScriptingObjects (0ms)
		CreateAndSetChildDomain (1ms)
	RebuildCommonClasses (30ms)
	RebuildNativeTypeToScriptingClass (10ms)
	initialDomainReloadingComplete (43ms)
	LoadAllAssembliesAndSetupDomain (131ms)
		LoadAssemblies (96ms)
		RebuildTransferFunctionScriptingTraits (0ms)
		AnalyzeDomain (129ms)
			TypeCache.Refresh (128ms)
				TypeCache.ScanAssembly (113ms)
			ScanForSourceGeneratedMonoScriptInfo (0ms)
			ResolveRequiredComponents (1ms)
	FinalizeReload (192ms)
		ReleaseScriptCaches (0ms)
		RebuildScriptCaches (0ms)
		SetupLoadedEditorAssemblies (143ms)
			LogAssemblyErrors (0ms)
			InitializePlatformSupportModulesInManaged (6ms)
			SetLoadedEditorAssemblies (5ms)
			RefreshPlugins (0ms)
			BeforeProcessingInitializeOnLoad (1ms)
			ProcessInitializeOnLoadAttributes (98ms)
			ProcessInitializeOnLoadMethodAttributes (34ms)
			AfterProcessingInitializeOnLoad (0ms)
			EditorAssembliesLoaded (0ms)
		ExecutionOrderSort2 (0ms)
		AwakeInstancesAfterBackupRestoration (0ms)
========================================================================
Worker process is ready to serve import requests
Begin MonoManager ReloadAssembly
- Loaded All Assemblies, in  0.549 seconds
Refreshing native plugins compatible for Editor in 0.95 ms, found 4 plugins.
Native extension for OSXStandalone target not found
Native extension for WebGL target not found
Mono: successfully reloaded assembly
- Finished resetting the current domain, in  0.469 seconds
Domain Reload Profiling: 1014ms
	BeginReloadAssembly (97ms)
		ExecutionOrderSort (0ms)
		DisableScriptedObjects (4ms)
		BackupInstance (0ms)
		ReleaseScriptingObjects (0ms)
		CreateAndSetChildDomain (21ms)
	RebuildCommonClasses (29ms)
	RebuildNativeTypeToScriptingClass (10ms)
	initialDomainReloadingComplete (27ms)
	LoadAllAssembliesAndSetupDomain (381ms)
		LoadAssemblies (202ms)
		RebuildTransferFunctionScriptingTraits (0ms)
		AnalyzeDomain (220ms)
			TypeCache.Refresh (200ms)
				TypeCache.ScanAssembly (190ms)
			ScanForSourceGeneratedMonoScriptInfo (11ms)
			ResolveRequiredComponents (8ms)
	FinalizeReload (469ms)
		ReleaseScriptCaches (0ms)
		RebuildScriptCaches (0ms)
		SetupLoadedEditorAssemblies (340ms)
			LogAssemblyErrors (0ms)
			InitializePlatformSupportModulesInManaged (4ms)
			SetLoadedEditorAssemblies (4ms)
			RefreshPlugins (0ms)
			BeforeProcessingInitializeOnLoad (46ms)
			ProcessInitializeOnLoadAttributes (237ms)
			ProcessInitializeOnLoadMethodAttributes (48ms)
			AfterProcessingInitializeOnLoad (1ms)
			EditorAssembliesLoaded (0ms)
		ExecutionOrderSort2 (0ms)
		AwakeInstancesAfterBackupRestoration (3ms)
Launching external process: /Applications/Unity/Hub/Editor/2022.3.4f1/Unity.app/Contents/Tools/UnityShaderCompiler
Launched and connected shader compiler UnityShaderCompiler after 0.23 seconds
Refreshing native plugins compatible for Editor in 1.54 ms, found 4 plugins.
Preloading 0 native plugins for Editor in 0.00 ms.
Unloading 3808 Unused Serialized files (Serialized files now loaded: 0)
Unloading 91 unused Assets / (2.5 MB). Loaded Objects now: 4287.
Memory consumption went from 227.0 MB to 224.6 MB.
Total: 4.012666 ms (FindLiveObjects: 0.144250 ms CreateObjectMapping: 0.058209 ms MarkObjects: 2.909875 ms  DeleteObjects: 0.899333 ms)

AssetImportParameters requested are different than current active one (requested -> active):
  custom:container-demuxer-ogg: 62fdf1f143b41e24485cea50d1cbac27 -> 
  custom:video-decoder-ogg-theora: a1e56fd34408186e4bbccfd4996cb3dc -> 
  custom:CustomObjectIndexerAttribute: d54d2f2da18e7612c182cf67624b6b12 -> 
  custom:container-demuxer-webm: 4f35f7cbe854078d1ac9338744f61a02 -> 
  custom:container-muxer-webm: aa71ff27fc2769a1b78a27578f13a17b -> 
  custom:video-decoder-webm-vp8: 9c59270c3fd7afecdb556c50c9e8de78 -> 
  custom:AudioImporter_EditorPlatform: 3918e3fc78b5a79bad01e8451be0beb8 -> 
  custom:framework-osx-AVFoundation: e770b220cccbd017edd2c1fefb359320 -> 
  custom:video-encoder-webm-vp8: eb34c28f22e8b96e1ab97ce403110664 -> 
  custom:audio-decoder-ogg-vorbis: bf7c407c2cedff20999df2af8eb42d56 -> 
  custom:audio-encoder-webm-vorbis: bf7c407c2cedff20999df2af8eb42d56 -> 
========================================================================
Received Import Request.
  Time since last request: 1504465.039715 seconds.
  path: Assets/KayKit_Skeletons_1.0_FREE
  artifactKey: Guid(2bcc6f76993a143289aa1e468d781d63) Importer(815301076,1909f56bfc062723c751e8b465ee728b)
Start importing Assets/KayKit_Skeletons_1.0_FREE using Guid(2bcc6f76993a143289aa1e468d781d63) Importer(815301076,1909f56bfc062723c751e8b465ee728b)  -> (artifact id: 'e68faf46132772c276b82cc1a3b38ee1') in 0.001656 seconds
Number of updated asset objects reloaded before import = 0
Number of asset objects unloaded after import = 0
========================================================================
Received Import Request.
  Time since last request: 0.000135 seconds.
  path: Assets/KayKit_Skeletons_1.0_FREE/characters
  artifactKey: Guid(d5a4e6766fea647d3a7dd9603f1406d7) Importer(815301076,1909f56bfc062723c751e8b465ee728b)
Start importing Assets/KayKit_Skeletons_1.0_FREE/characters using Guid(d5a4e6766fea647d3a7dd9603f1406d7) Importer(815301076,1909f56bfc062723c751e8b465ee728b)  -> (artifact id: 'd64cf87d9fc1a0379457d68a86b76fea') in 0.000575 seconds
Number of updated asset objects reloaded before import = 0
Number of asset objects unloaded after import = 0
========================================================================
Received Import Request.
  Time since last request: 0.000137 seconds.
  path: Assets/KayKit_Skeletons_1.0_FREE/characters/fbx
  artifactKey: Guid(28803006a51f34da3a81957b930918b9) Importer(815301076,1909f56bfc062723c751e8b465ee728b)
Start importing Assets/KayKit_Skeletons_1.0_FREE/characters/fbx using Guid(28803006a51f34da3a81957b930918b9) Importer(815301076,1909f56bfc062723c751e8b465ee728b)  -> (artifact id: 'f94e02dd96ddd760fe55abad28b3d60e') in 0.000657 seconds
Number of updated asset objects reloaded before import = 0
Number of asset objects unloaded after import = 0
========================================================================
Received Import Request.
  Time since last request: 155.770819 seconds.
  path: Assets/KayKit_Skeletons_1.0_FREE/assets
  artifactKey: Guid(80b819fc6c1fb405ea3797e2f1cbeb98) Importer(815301076,1909f56bfc062723c751e8b465ee728b)
Start importing Assets/KayKit_Skeletons_1.0_FREE/assets using Guid(80b819fc6c1fb405ea3797e2f1cbeb98) Importer(815301076,1909f56bfc062723c751e8b465ee728b)  -> (artifact id: '8ff5e8504f068d2efea841184f82d09d') in 0.012923 seconds
Number of updated asset objects reloaded before import = 0
Number of asset objects unloaded after import = 0
========================================================================
Received Import Request.
  Time since last request: 1.819788 seconds.
  path: Assets/KayKit_Skeletons_1.0_FREE/assets/fbx(unity)
  artifactKey: Guid(c6877f53e6e5b4991a84f447dec368ed) Importer(815301076,1909f56bfc062723c751e8b465ee728b)
Start importing Assets/KayKit_Skeletons_1.0_FREE/assets/fbx(unity) using Guid(c6877f53e6e5b4991a84f447dec368ed) Importer(815301076,1909f56bfc062723c751e8b465ee728b)  -> (artifact id: '146ad9a3a82053b32e85308b84c327aa') in 0.001452 seconds
Number of updated asset objects reloaded before import = 0
Number of asset objects unloaded after import = 0
========================================================================
Received Import Request.
  Time since last request: 0.074479 seconds.
  path: Assets/KayKit_Skeletons_1.0_FREE/assets/fbx(unity)/Skeleton_Arrow.fbx
  artifactKey: Guid(b64e6c19cd76f4abb84b88879a7c6ec1) Importer(815301076,1909f56bfc062723c751e8b465ee728b)
Start importing Assets/KayKit_Skeletons_1.0_FREE/assets/fbx(unity)/Skeleton_Arrow.fbx using Guid(b64e6c19cd76f4abb84b88879a7c6ec1) Importer(815301076,1909f56bfc062723c751e8b465ee728b)  -> (artifact id: 'b53dc1b461642ef75f900ff78373924c') in 0.173608 seconds
Number of updated asset objects reloaded before import = 0
Number of asset objects unloaded after import = 9
========================================================================
Received Import Request.
  Time since last request: 0.000050 seconds.
  path: Assets/KayKit_Skeletons_1.0_FREE/assets/fbx(unity)/Skeleton_Arrow_Broken_Half.fbx
  artifactKey: Guid(f91ddfcfa5fbe4d77b91497334208ac5) Importer(815301076,1909f56bfc062723c751e8b465ee728b)
Start importing Assets/KayKit_Skeletons_1.0_FREE/assets/fbx(unity)/Skeleton_Arrow_Broken_Half.fbx using Guid(f91ddfcfa5fbe4d77b91497334208ac5) Importer(815301076,1909f56bfc062723c751e8b465ee728b)  -> (artifact id: 'dde56bd476984589bd004d80c4a84b36') in 0.013506 seconds
Number of updated asset objects reloaded before import = 0
Number of asset objects unloaded after import = 9
========================================================================
Received Import Request.
  Time since last request: 0.000094 seconds.
  path: Assets/KayKit_Skeletons_1.0_FREE/assets/fbx(unity)/Skeleton_Shield_Small_A.fbx
  artifactKey: Guid(bbe01b0f85e064294bd128bb9dacd8c5) Importer(815301076,1909f56bfc062723c751e8b465ee728b)
Start importing Assets/KayKit_Skeletons_1.0_FREE/assets/fbx(unity)/Skeleton_Shield_Small_A.fbx using Guid(bbe01b0f85e064294bd128bb9dacd8c5) Importer(815301076,1909f56bfc062723c751e8b465ee728b)  -> (artifact id: '669ca68965d1ca17530d7a0bb50477f9') in 0.054256 seconds
Number of updated asset objects reloaded before import = 0
Number of asset objects unloaded after import = 9
========================================================================
Received Import Request.
  Time since last request: 0.000054 seconds.
  path: Assets/KayKit_Skeletons_1.0_FREE/assets/fbx(unity)/Skeleton_Quiver.fbx
  artifactKey: Guid(9af6458152465448e900b7cd3aa381b4) Importer(815301076,1909f56bfc062723c751e8b465ee728b)
Start importing Assets/KayKit_Skeletons_1.0_FREE/assets/fbx(unity)/Skeleton_Quiver.fbx using Guid(9af6458152465448e900b7cd3aa381b4) Importer(815301076,1909f56bfc062723c751e8b465ee728b)  -> (artifact id: '81fa6889d3311766ca4ca6c9ea6ac18b') in 0.024805 seconds
Number of updated asset objects reloaded before import = 0
Number of asset objects unloaded after import = 9
========================================================================
Received Import Request.
  Time since last request: 0.000053 seconds.
  path: Assets/KayKit_Skeletons_1.0_FREE/assets/fbx(unity)/Skeleton_Axe.fbx
  artifactKey: Guid(51758ff30fc454d9cb9ab2991a72d5bd) Importer(815301076,1909f56bfc062723c751e8b465ee728b)
Start importing Assets/KayKit_Skeletons_1.0_FREE/assets/fbx(unity)/Skeleton_Axe.fbx using Guid(51758ff30fc454d9cb9ab2991a72d5bd) Importer(815301076,1909f56bfc062723c751e8b465ee728b)  -> (artifact id: 'd1019cdeba04cb7b2b11c27b995954c3') in 0.028728 seconds
Number of updated asset objects reloaded before import = 0
Number of asset objects unloaded after import = 9
========================================================================
Received Import Request.
  Time since last request: 0.000104 seconds.
  path: Assets/KayKit_Skeletons_1.0_FREE/assets/fbx(unity)/Skeleton_Blade.fbx
  artifactKey: Guid(e745ef7cd9c1e4198a1fa3624053608e) Importer(815301076,1909f56bfc062723c751e8b465ee728b)
Start importing Assets/KayKit_Skeletons_1.0_FREE/assets/fbx(unity)/Skeleton_Blade.fbx using Guid(e745ef7cd9c1e4198a1fa3624053608e) Importer(815301076,1909f56bfc062723c751e8b465ee728b)  -> (artifact id: '592d60e31cab3fec989d19115e69e1b9') in 0.011912 seconds
Number of updated asset objects reloaded before import = 0
Number of asset objects unloaded after import = 9
========================================================================
Received Import Request.
  Time since last request: 59.377036 seconds.
  path: Assets/KayKit_Skeletons_1.0_FREE/characters/gltf
  artifactKey: Guid(4731d10206fb54860b8e7702a553a5a8) Importer(815301076,1909f56bfc062723c751e8b465ee728b)
Start importing Assets/KayKit_Skeletons_1.0_FREE/characters/gltf using Guid(4731d10206fb54860b8e7702a553a5a8) Importer(815301076,1909f56bfc062723c751e8b465ee728b)  -> (artifact id: 'b84968aac6bfc9145da105376c5c941f') in 0.002248 seconds
Number of updated asset objects reloaded before import = 0
Number of asset objects unloaded after import = 0
========================================================================
Received Import Request.
  Time since last request: 0.058774 seconds.
  path: Assets/KayKit_Skeletons_1.0_FREE/characters/gltf/skeleton_texture.png
  artifactKey: Guid(dd56676239004411bb3ca47ea345db89) Importer(815301076,1909f56bfc062723c751e8b465ee728b)
Start importing Assets/KayKit_Skeletons_1.0_FREE/characters/gltf/skeleton_texture.png using Guid(dd56676239004411bb3ca47ea345db89) Importer(815301076,1909f56bfc062723c751e8b465ee728b)  -> (artifact id: '8232425e864bfccd050a3cca5604f4ec') in 0.046393 seconds
Number of updated asset objects reloaded before import = 0
Number of asset objects unloaded after import = 2
========================================================================
Received Import Request.
  Time since last request: 984.836664 seconds.
  path: Assets/KayKit_Skeletons_1.0_FREE/assets/fbx
  artifactKey: Guid(d8371085dbf1f41c9a32c5acb78e79f5) Importer(815301076,1909f56bfc062723c751e8b465ee728b)
Start importing Assets/KayKit_Skeletons_1.0_FREE/assets/fbx using Guid(d8371085dbf1f41c9a32c5acb78e79f5) Importer(815301076,1909f56bfc062723c751e8b465ee728b)  -> (artifact id: '1393637624f9ce7d0e63fe0a1ef5a814') in 0.003009 seconds
Number of updated asset objects reloaded before import = 0
Number of asset objects unloaded after import = 0
========================================================================
Received Import Request.
  Time since last request: 0.080048 seconds.
  path: Assets/KayKit_Skeletons_1.0_FREE/assets/fbx/Skeleton_Arrow.fbx
  artifactKey: Guid(176ddb6c89cc94e8bbfe478a9fd7352d) Importer(815301076,1909f56bfc062723c751e8b465ee728b)
Start importing Assets/KayKit_Skeletons_1.0_FREE/assets/fbx/Skeleton_Arrow.fbx using Guid(176ddb6c89cc94e8bbfe478a9fd7352d) Importer(815301076,1909f56bfc062723c751e8b465ee728b)  -> (artifact id: '13a3a7255bd8106829cb3e1993faae80') in 0.046555 seconds
Number of updated asset objects reloaded before import = 0
Number of asset objects unloaded after import = 9
========================================================================
Received Import Request.
  Time since last request: 0.000080 seconds.
  path: Assets/KayKit_Skeletons_1.0_FREE/assets/fbx/Skeleton_Quiver.fbx
  artifactKey: Guid(50dd74b39507d4c08887ae671f9c3a5c) Importer(815301076,1909f56bfc062723c751e8b465ee728b)
Start importing Assets/KayKit_Skeletons_1.0_FREE/assets/fbx/Skeleton_Quiver.fbx using Guid(50dd74b39507d4c08887ae671f9c3a5c) Importer(815301076,1909f56bfc062723c751e8b465ee728b)  -> (artifact id: '5103aaebb4efff513fcc0b930ddf283f') in 0.021762 seconds
Number of updated asset objects reloaded before import = 0
Number of asset objects unloaded after import = 9
========================================================================
Received Import Request.
  Time since last request: 0.000047 seconds.
  path: Assets/KayKit_Skeletons_1.0_FREE/assets/fbx/Skeleton_Axe.fbx
  artifactKey: Guid(5afeb6cdf10434d0c8321d2232ee2ae8) Importer(815301076,1909f56bfc062723c751e8b465ee728b)
Start importing Assets/KayKit_Skeletons_1.0_FREE/assets/fbx/Skeleton_Axe.fbx using Guid(5afeb6cdf10434d0c8321d2232ee2ae8) Importer(815301076,1909f56bfc062723c751e8b465ee728b)  -> (artifact id: '1350c63b7b4c517309e1424b5709fe34') in 0.019480 seconds
Number of updated asset objects reloaded before import = 0
Number of asset objects unloaded after import = 9
========================================================================
Received Import Request.
  Time since last request: 0.000078 seconds.
  path: Assets/KayKit_Skeletons_1.0_FREE/assets/fbx/Skeleton_Crossbow.fbx
  artifactKey: Guid(1ed91f30e38d94577818a4b31794b134) Importer(815301076,1909f56bfc062723c751e8b465ee728b)
Start importing Assets/KayKit_Skeletons_1.0_FREE/assets/fbx/Skeleton_Crossbow.fbx using Guid(1ed91f30e38d94577818a4b31794b134) Importer(815301076,1909f56bfc062723c751e8b465ee728b)  -> (artifact id: 'db1416755956956885eec9a45e9ac5cc') in 0.025104 seconds
Number of updated asset objects reloaded before import = 0
Number of asset objects unloaded after import = 9
========================================================================
Received Import Request.
  Time since last request: 0.000221 seconds.
  path: Assets/KayKit_Skeletons_1.0_FREE/assets/fbx/Skeleton_Shield_Small_B.fbx
  artifactKey: Guid(b4ce497c7df964452874e5d544e4fbe5) Importer(815301076,1909f56bfc062723c751e8b465ee728b)
Start importing Assets/KayKit_Skeletons_1.0_FREE/assets/fbx/Skeleton_Shield_Small_B.fbx using Guid(b4ce497c7df964452874e5d544e4fbe5) Importer(815301076,1909f56bfc062723c751e8b465ee728b)  -> (artifact id: '7c55c53900d4a50b7d7d03eadddeafbc') in 0.015967 seconds
Number of updated asset objects reloaded before import = 0
Number of asset objects unloaded after import = 9
========================================================================
Received Import Request.
  Time since last request: 0.000050 seconds.
  path: Assets/KayKit_Skeletons_1.0_FREE/assets/fbx/Skeleton_Arrow_Broken_Half.fbx
  artifactKey: Guid(666e47315693a416193b69faae66969b) Importer(815301076,1909f56bfc062723c751e8b465ee728b)
Start importing Assets/KayKit_Skeletons_1.0_FREE/assets/fbx/Skeleton_Arrow_Broken_Half.fbx using Guid(666e47315693a416193b69faae66969b) Importer(815301076,1909f56bfc062723c751e8b465ee728b)  -> (artifact id: 'f862889226cc6b7220dd6aea6029dc07') in 0.015933 seconds
Number of updated asset objects reloaded before import = 0
Number of asset objects unloaded after import = 9
========================================================================
Received Import Request.
  Time since last request: 88674.775971 seconds.
  path: Assets/2D_Images/luis-lanca-RjSSnp3H1n0-unsplash.jpg
  artifactKey: Guid(00b120dde1306410ab1ef40ff42a00c1) Importer(815301076,1909f56bfc062723c751e8b465ee728b)
Start importing Assets/2D_Images/luis-lanca-RjSSnp3H1n0-unsplash.jpg using Guid(00b120dde1306410ab1ef40ff42a00c1) Importer(815301076,1909f56bfc062723c751e8b465ee728b)  -> (artifact id: '349ebc9453953ae983239387c1b0746a') in 0.215999 seconds
Number of updated asset objects reloaded before import = 0
Number of asset objects unloaded after import = 3
========================================================================
Received Import Request.
  Time since last request: 42.489359 seconds.
  path: Assets/2D_Images/QuestionBanner.png
  artifactKey: Guid(b374047789e4840e49f9591db5e8eeed) Importer(815301076,1909f56bfc062723c751e8b465ee728b)
Start importing Assets/2D_Images/QuestionBanner.png using Guid(b374047789e4840e49f9591db5e8eeed) Importer(815301076,1909f56bfc062723c751e8b465ee728b)  -> (artifact id: '99e488271c3312f0bf25a3187ec9873b') in 0.008389 seconds
Number of updated asset objects reloaded before import = 0
Number of asset objects unloaded after import = 2
========================================================================
Received Prepare
Begin MonoManager ReloadAssembly
Thread 0x341f87000 may have been prematurely finalized
- Loaded All Assemblies, in  0.621 seconds
Refreshing native plugins compatible for Editor in 1.75 ms, found 4 plugins.
Native extension for OSXStandalone target not found
Native extension for WebGL target not found
Mono: successfully reloaded assembly
- Finished resetting the current domain, in  0.853 seconds
Domain Reload Profiling: 1474ms
	BeginReloadAssembly (232ms)
		ExecutionOrderSort (0ms)
		DisableScriptedObjects (8ms)
		BackupInstance (0ms)
		ReleaseScriptingObjects (0ms)
		CreateAndSetChildDomain (96ms)
	RebuildCommonClasses (26ms)
	RebuildNativeTypeToScriptingClass (10ms)
	initialDomainReloadingComplete (22ms)
	LoadAllAssembliesAndSetupDomain (332ms)
		LoadAssemblies (219ms)
		RebuildTransferFunctionScriptingTraits (0ms)
		AnalyzeDomain (194ms)
			TypeCache.Refresh (187ms)
				TypeCache.ScanAssembly (169ms)
			ScanForSourceGeneratedMonoScriptInfo (0ms)
			ResolveRequiredComponents (7ms)
	FinalizeReload (853ms)
		ReleaseScriptCaches (0ms)
		RebuildScriptCaches (0ms)
		SetupLoadedEditorAssemblies (253ms)
			LogAssemblyErrors (0ms)
			InitializePlatformSupportModulesInManaged (3ms)
			SetLoadedEditorAssemblies (4ms)
			RefreshPlugins (0ms)
			BeforeProcessingInitializeOnLoad (38ms)
			ProcessInitializeOnLoadAttributes (172ms)
			ProcessInitializeOnLoadMethodAttributes (35ms)
			AfterProcessingInitializeOnLoad (1ms)
			EditorAssembliesLoaded (0ms)
		ExecutionOrderSort2 (0ms)
		AwakeInstancesAfterBackupRestoration (3ms)
Refreshing native plugins compatible for Editor in 0.95 ms, found 4 plugins.
Preloading 0 native plugins for Editor in 0.00 ms.
Unloading 3663 Unused Serialized files (Serialized files now loaded: 0)
Unloading 57 unused Assets / (2.5 MB). Loaded Objects now: 4350.
Memory consumption went from 194.7 MB to 192.3 MB.
Total: 3.560250 ms (FindLiveObjects: 0.138084 ms CreateObjectMapping: 0.054875 ms MarkObjects: 2.787959 ms  DeleteObjects: 0.578334 ms)

Prepare: number of updated asset objects reloaded= 0
AssetImportParameters requested are different than current active one (requested -> active):
  custom:container-demuxer-ogg: 62fdf1f143b41e24485cea50d1cbac27 -> 
  custom:video-decoder-ogg-theora: a1e56fd34408186e4bbccfd4996cb3dc -> 
  custom:CustomObjectIndexerAttribute: d54d2f2da18e7612c182cf67624b6b12 -> 
  custom:container-demuxer-webm: 4f35f7cbe854078d1ac9338744f61a02 -> 
  custom:container-muxer-webm: aa71ff27fc2769a1b78a27578f13a17b -> 
  custom:video-decoder-webm-vp8: 9c59270c3fd7afecdb556c50c9e8de78 -> 
  custom:AudioImporter_EditorPlatform: 3918e3fc78b5a79bad01e8451be0beb8 -> 
  custom:framework-osx-AVFoundation: e770b220cccbd017edd2c1fefb359320 -> 
  custom:video-encoder-webm-vp8: eb34c28f22e8b96e1ab97ce403110664 -> 
  custom:audio-decoder-ogg-vorbis: bf7c407c2cedff20999df2af8eb42d56 -> 
  custom:audio-encoder-webm-vorbis: bf7c407c2cedff20999df2af8eb42d56 -> 
========================================================================
Received Prepare
Begin MonoManager ReloadAssembly
Thread 0x16fc27000 may have been prematurely finalized
- Loaded All Assemblies, in  0.461 seconds
Refreshing native plugins compatible for Editor in 0.95 ms, found 4 plugins.
Native extension for OSXStandalone target not found
Native extension for WebGL target not found
Mono: successfully reloaded assembly
- Finished resetting the current domain, in  0.745 seconds
Domain Reload Profiling: 1206ms
	BeginReloadAssembly (116ms)
		ExecutionOrderSort (0ms)
		DisableScriptedObjects (5ms)
		BackupInstance (0ms)
		ReleaseScriptingObjects (0ms)
		CreateAndSetChildDomain (50ms)
	RebuildCommonClasses (23ms)
	RebuildNativeTypeToScriptingClass (8ms)
	initialDomainReloadingComplete (15ms)
	LoadAllAssembliesAndSetupDomain (299ms)
		LoadAssemblies (160ms)
		RebuildTransferFunctionScriptingTraits (0ms)
		AnalyzeDomain (172ms)
			TypeCache.Refresh (166ms)
				TypeCache.ScanAssembly (158ms)
			ScanForSourceGeneratedMonoScriptInfo (0ms)
			ResolveRequiredComponents (6ms)
	FinalizeReload (745ms)
		ReleaseScriptCaches (0ms)
		RebuildScriptCaches (0ms)
		SetupLoadedEditorAssemblies (279ms)
			LogAssemblyErrors (0ms)
			InitializePlatformSupportModulesInManaged (5ms)
			SetLoadedEditorAssemblies (6ms)
			RefreshPlugins (0ms)
			BeforeProcessingInitializeOnLoad (43ms)
			ProcessInitializeOnLoadAttributes (188ms)
			ProcessInitializeOnLoadMethodAttributes (37ms)
			AfterProcessingInitializeOnLoad (1ms)
			EditorAssembliesLoaded (0ms)
		ExecutionOrderSort2 (0ms)
		AwakeInstancesAfterBackupRestoration (2ms)
Refreshing native plugins compatible for Editor in 1.10 ms, found 4 plugins.
Preloading 0 native plugins for Editor in 0.00 ms.
Unloading 3664 Unused Serialized files (Serialized files now loaded: 0)
Unloading 57 unused Assets / (2.5 MB). Loaded Objects now: 4365.
Memory consumption went from 196.6 MB to 194.2 MB.
Total: 3.168208 ms (FindLiveObjects: 0.164916 ms CreateObjectMapping: 0.048125 ms MarkObjects: 2.382292 ms  DeleteObjects: 0.572375 ms)

Prepare: number of updated asset objects reloaded= 0
AssetImportParameters requested are different than current active one (requested -> active):
  custom:container-demuxer-ogg: 62fdf1f143b41e24485cea50d1cbac27 -> 
  custom:video-decoder-ogg-theora: a1e56fd34408186e4bbccfd4996cb3dc -> 
  custom:CustomObjectIndexerAttribute: d54d2f2da18e7612c182cf67624b6b12 -> 
  custom:container-demuxer-webm: 4f35f7cbe854078d1ac9338744f61a02 -> 
  custom:container-muxer-webm: aa71ff27fc2769a1b78a27578f13a17b -> 
  custom:video-decoder-webm-vp8: 9c59270c3fd7afecdb556c50c9e8de78 -> 
  custom:AudioImporter_EditorPlatform: 3918e3fc78b5a79bad01e8451be0beb8 -> 
  custom:framework-osx-AVFoundation: e770b220cccbd017edd2c1fefb359320 -> 
  custom:video-encoder-webm-vp8: eb34c28f22e8b96e1ab97ce403110664 -> 
  custom:audio-decoder-ogg-vorbis: bf7c407c2cedff20999df2af8eb42d56 -> 
  custom:audio-encoder-webm-vorbis: bf7c407c2cedff20999df2af8eb42d56 -> 
========================================================================
Received Prepare
Begin MonoManager ReloadAssembly
Thread 0x16fc27000 may have been prematurely finalized
- Loaded All Assemblies, in  0.460 seconds
Refreshing native plugins compatible for Editor in 0.93 ms, found 4 plugins.
Native extension for OSXStandalone target not found
Native extension for WebGL target not found
Mono: successfully reloaded assembly
- Finished resetting the current domain, in  0.805 seconds
Domain Reload Profiling: 1265ms
	BeginReloadAssembly (116ms)
		ExecutionOrderSort (0ms)
		DisableScriptedObjects (3ms)
		BackupInstance (0ms)
		ReleaseScriptingObjects (0ms)
		CreateAndSetChildDomain (49ms)
	RebuildCommonClasses (26ms)
	RebuildNativeTypeToScriptingClass (8ms)
	initialDomainReloadingComplete (19ms)
	LoadAllAssembliesAndSetupDomain (291ms)
		LoadAssemblies (158ms)
		RebuildTransferFunctionScriptingTraits (0ms)
		AnalyzeDomain (170ms)
			TypeCache.Refresh (163ms)
				TypeCache.ScanAssembly (155ms)
			ScanForSourceGeneratedMonoScriptInfo (0ms)
			ResolveRequiredComponents (7ms)
	FinalizeReload (805ms)
		ReleaseScriptCaches (0ms)
		RebuildScriptCaches (0ms)
		SetupLoadedEditorAssemblies (273ms)
			LogAssemblyErrors (0ms)
			InitializePlatformSupportModulesInManaged (3ms)
			SetLoadedEditorAssemblies (4ms)
			RefreshPlugins (0ms)
			BeforeProcessingInitializeOnLoad (41ms)
			ProcessInitializeOnLoadAttributes (187ms)
			ProcessInitializeOnLoadMethodAttributes (36ms)
			AfterProcessingInitializeOnLoad (1ms)
			EditorAssembliesLoaded (0ms)
		ExecutionOrderSort2 (0ms)
		AwakeInstancesAfterBackupRestoration (3ms)
Refreshing native plugins compatible for Editor in 1.04 ms, found 4 plugins.
Preloading 0 native plugins for Editor in 0.00 ms.
Unloading 3664 Unused Serialized files (Serialized files now loaded: 0)
Unloading 57 unused Assets / (2.4 MB). Loaded Objects now: 4380.
Memory consumption went from 198.3 MB to 195.8 MB.
Total: 3.749750 ms (FindLiveObjects: 0.173625 ms CreateObjectMapping: 0.052208 ms MarkObjects: 2.775375 ms  DeleteObjects: 0.747917 ms)

Prepare: number of updated asset objects reloaded= 0
AssetImportParameters requested are different than current active one (requested -> active):
  custom:container-demuxer-ogg: 62fdf1f143b41e24485cea50d1cbac27 -> 
  custom:video-decoder-ogg-theora: a1e56fd34408186e4bbccfd4996cb3dc -> 
  custom:CustomObjectIndexerAttribute: d54d2f2da18e7612c182cf67624b6b12 -> 
  custom:container-demuxer-webm: 4f35f7cbe854078d1ac9338744f61a02 -> 
  custom:container-muxer-webm: aa71ff27fc2769a1b78a27578f13a17b -> 
  custom:video-decoder-webm-vp8: 9c59270c3fd7afecdb556c50c9e8de78 -> 
  custom:AudioImporter_EditorPlatform: 3918e3fc78b5a79bad01e8451be0beb8 -> 
  custom:framework-osx-AVFoundation: e770b220cccbd017edd2c1fefb359320 -> 
  custom:video-encoder-webm-vp8: eb34c28f22e8b96e1ab97ce403110664 -> 
  custom:audio-decoder-ogg-vorbis: bf7c407c2cedff20999df2af8eb42d56 -> 
  custom:audio-encoder-webm-vorbis: bf7c407c2cedff20999df2af8eb42d56 -> 
========================================================================
Received Prepare
Begin MonoManager ReloadAssembly
Thread 0x16fc27000 may have been prematurely finalized
- Loaded All Assemblies, in  0.500 seconds
Refreshing native plugins compatible for Editor in 0.90 ms, found 4 plugins.
Native extension for OSXStandalone target not found
Native extension for WebGL target not found
Mono: successfully reloaded assembly
- Finished resetting the current domain, in  0.706 seconds
Domain Reload Profiling: 1207ms
	BeginReloadAssembly (162ms)
		ExecutionOrderSort (0ms)
		DisableScriptedObjects (7ms)
		BackupInstance (0ms)
		ReleaseScriptingObjects (0ms)
		CreateAndSetChildDomain (76ms)
	RebuildCommonClasses (23ms)
	RebuildNativeTypeToScriptingClass (8ms)
	initialDomainReloadingComplete (18ms)
	LoadAllAssembliesAndSetupDomain (290ms)
		LoadAssemblies (154ms)
		RebuildTransferFunctionScriptingTraits (0ms)
		AnalyzeDomain (174ms)
			TypeCache.Refresh (168ms)
				TypeCache.ScanAssembly (159ms)
			ScanForSourceGeneratedMonoScriptInfo (0ms)
			ResolveRequiredComponents (6ms)
	FinalizeReload (706ms)
		ReleaseScriptCaches (0ms)
		RebuildScriptCaches (0ms)
		SetupLoadedEditorAssemblies (277ms)
			LogAssemblyErrors (0ms)
			InitializePlatformSupportModulesInManaged (6ms)
			SetLoadedEditorAssemblies (4ms)
			RefreshPlugins (0ms)
			BeforeProcessingInitializeOnLoad (46ms)
			ProcessInitializeOnLoadAttributes (183ms)
			ProcessInitializeOnLoadMethodAttributes (38ms)
			AfterProcessingInitializeOnLoad (1ms)
			EditorAssembliesLoaded (0ms)
		ExecutionOrderSort2 (0ms)
		AwakeInstancesAfterBackupRestoration (2ms)
Refreshing native plugins compatible for Editor in 0.97 ms, found 4 plugins.
Preloading 0 native plugins for Editor in 0.00 ms.
Unloading 3664 Unused Serialized files (Serialized files now loaded: 0)
Unloading 57 unused Assets / (2.4 MB). Loaded Objects now: 4395.
Memory consumption went from 199.9 MB to 197.4 MB.
Total: 3.023375 ms (FindLiveObjects: 0.153750 ms CreateObjectMapping: 0.050375 ms MarkObjects: 2.166417 ms  DeleteObjects: 0.651667 ms)

Prepare: number of updated asset objects reloaded= 0
AssetImportParameters requested are different than current active one (requested -> active):
  custom:container-demuxer-ogg: 62fdf1f143b41e24485cea50d1cbac27 -> 
  custom:video-decoder-ogg-theora: a1e56fd34408186e4bbccfd4996cb3dc -> 
  custom:CustomObjectIndexerAttribute: d54d2f2da18e7612c182cf67624b6b12 -> 
  custom:container-demuxer-webm: 4f35f7cbe854078d1ac9338744f61a02 -> 
  custom:container-muxer-webm: aa71ff27fc2769a1b78a27578f13a17b -> 
  custom:video-decoder-webm-vp8: 9c59270c3fd7afecdb556c50c9e8de78 -> 
  custom:AudioImporter_EditorPlatform: 3918e3fc78b5a79bad01e8451be0beb8 -> 
  custom:framework-osx-AVFoundation: e770b220cccbd017edd2c1fefb359320 -> 
  custom:video-encoder-webm-vp8: eb34c28f22e8b96e1ab97ce403110664 -> 
  custom:audio-decoder-ogg-vorbis: bf7c407c2cedff20999df2af8eb42d56 -> 
  custom:audio-encoder-webm-vorbis: bf7c407c2cedff20999df2af8eb42d56 -> 
========================================================================
Received Import Request.
  Time since last request: 4301.527730 seconds.
  path: Assets/2D_Images/PlaygroundImage2.jpg
  artifactKey: Guid(5a80e6d5fcd1047679659e450c142870) Importer(815301076,1909f56bfc062723c751e8b465ee728b)
Start importing Assets/2D_Images/PlaygroundImage2.jpg using Guid(5a80e6d5fcd1047679659e450c142870) Importer(815301076,1909f56bfc062723c751e8b465ee728b)  -> (artifact id: '703c45b8c45ba4429b1d7954ffd5e12b') in 0.084843 seconds
Number of updated asset objects reloaded before import = 0
Number of asset objects unloaded after import = 2
========================================================================
Received Import Request.
  Time since last request: 213.205870 seconds.
  path: Assets/2D_Images/PictureSquad.mat
  artifactKey: Guid(08c82bc4e3c9244fcb9bcd055e71aad1) Importer(815301076,1909f56bfc062723c751e8b465ee728b)
Start importing Assets/2D_Images/PictureSquad.mat using Guid(08c82bc4e3c9244fcb9bcd055e71aad1) Importer(815301076,1909f56bfc062723c751e8b465ee728b)  -> (artifact id: 'ecc57b00a8354512ae3c87d6c2bb6696') in 0.060798 seconds
Number of updated asset objects reloaded before import = 0
Number of asset objects unloaded after import = 1
========================================================================
Received Import Request.
  Time since last request: 179.919992 seconds.
  path: Assets/2D_Images/PictureSquad.mat
  artifactKey: Guid(08c82bc4e3c9244fcb9bcd055e71aad1) Importer(815301076,1909f56bfc062723c751e8b465ee728b)
Start importing Assets/2D_Images/PictureSquad.mat using Guid(08c82bc4e3c9244fcb9bcd055e71aad1) Importer(815301076,1909f56bfc062723c751e8b465ee728b)  -> (artifact id: '953fe2d4a9d282596d844d81bac2e0a9') in 0.024079 seconds
Number of updated asset objects reloaded before import = 0
Number of asset objects unloaded after import = 2
========================================================================
Received Prepare
Begin MonoManager ReloadAssembly
Thread 0x16fc27000 may have been prematurely finalized
- Loaded All Assemblies, in  0.531 seconds
Refreshing native plugins compatible for Editor in 1.14 ms, found 4 plugins.
Native extension for OSXStandalone target not found
Native extension for WebGL target not found
Mono: successfully reloaded assembly
- Finished resetting the current domain, in  0.836 seconds
Domain Reload Profiling: 1368ms
	BeginReloadAssembly (128ms)
		ExecutionOrderSort (0ms)
		DisableScriptedObjects (4ms)
		BackupInstance (0ms)
		ReleaseScriptingObjects (0ms)
		CreateAndSetChildDomain (59ms)
	RebuildCommonClasses (28ms)
	RebuildNativeTypeToScriptingClass (10ms)
	initialDomainReloadingComplete (21ms)
	LoadAllAssembliesAndSetupDomain (343ms)
		LoadAssemblies (172ms)
		RebuildTransferFunctionScriptingTraits (0ms)
		AnalyzeDomain (210ms)
			TypeCache.Refresh (202ms)
				TypeCache.ScanAssembly (191ms)
			ScanForSourceGeneratedMonoScriptInfo (0ms)
			ResolveRequiredComponents (8ms)
	FinalizeReload (837ms)
		ReleaseScriptCaches (0ms)
		RebuildScriptCaches (0ms)
		SetupLoadedEditorAssemblies (329ms)
			LogAssemblyErrors (0ms)
			InitializePlatformSupportModulesInManaged (4ms)
			SetLoadedEditorAssemblies (5ms)
			RefreshPlugins (0ms)
			BeforeProcessingInitializeOnLoad (55ms)
			ProcessInitializeOnLoadAttributes (223ms)
			ProcessInitializeOnLoadMethodAttributes (43ms)
			AfterProcessingInitializeOnLoad (1ms)
			EditorAssembliesLoaded (0ms)
		ExecutionOrderSort2 (0ms)
		AwakeInstancesAfterBackupRestoration (3ms)
Refreshing native plugins compatible for Editor in 1.32 ms, found 4 plugins.
Preloading 0 native plugins for Editor in 0.00 ms.
Unloading 3663 Unused Serialized files (Serialized files now loaded: 0)
Unloading 57 unused Assets / (2.4 MB). Loaded Objects now: 4410.
Memory consumption went from 201.7 MB to 199.2 MB.
Total: 4.701834 ms (FindLiveObjects: 0.212750 ms CreateObjectMapping: 0.064709 ms MarkObjects: 3.568375 ms  DeleteObjects: 0.855292 ms)

Prepare: number of updated asset objects reloaded= 0
AssetImportParameters requested are different than current active one (requested -> active):
  custom:container-demuxer-ogg: 62fdf1f143b41e24485cea50d1cbac27 -> 
  custom:video-decoder-ogg-theora: a1e56fd34408186e4bbccfd4996cb3dc -> 
  custom:CustomObjectIndexerAttribute: d54d2f2da18e7612c182cf67624b6b12 -> 
  custom:container-demuxer-webm: 4f35f7cbe854078d1ac9338744f61a02 -> 
  custom:container-muxer-webm: aa71ff27fc2769a1b78a27578f13a17b -> 
  custom:video-decoder-webm-vp8: 9c59270c3fd7afecdb556c50c9e8de78 -> 
  custom:AudioImporter_EditorPlatform: 3918e3fc78b5a79bad01e8451be0beb8 -> 
  custom:framework-osx-AVFoundation: e770b220cccbd017edd2c1fefb359320 -> 
  custom:video-encoder-webm-vp8: eb34c28f22e8b96e1ab97ce403110664 -> 
  custom:audio-decoder-ogg-vorbis: bf7c407c2cedff20999df2af8eb42d56 -> 
  custom:audio-encoder-webm-vorbis: bf7c407c2cedff20999df2af8eb42d56 -> 
========================================================================
Received Import Request.
  Time since last request: 355.690655 seconds.
  path: Assets/KayKit_Furniture_Bits_1.0_FREE
  artifactKey: Guid(491fea735df6740d887e98426c04ed03) Importer(815301076,1909f56bfc062723c751e8b465ee728b)
Start importing Assets/KayKit_Furniture_Bits_1.0_FREE using Guid(491fea735df6740d887e98426c04ed03) Importer(815301076,1909f56bfc062723c751e8b465ee728b)  -> (artifact id: '1322fceb2c31f118e42c45b9a8dfd085') in 0.011349 seconds
Number of updated asset objects reloaded before import = 0
Number of asset objects unloaded after import = 0
========================================================================
Received Import Request.
  Time since last request: 0.040588 seconds.
  path: Assets/KayKit_Furniture_Bits_1.0_FREE/contents.png
  artifactKey: Guid(53e34b4ebc50942808c53b17829c54e0) Importer(815301076,1909f56bfc062723c751e8b465ee728b)
Start importing Assets/KayKit_Furniture_Bits_1.0_FREE/contents.png using Guid(53e34b4ebc50942808c53b17829c54e0) Importer(815301076,1909f56bfc062723c751e8b465ee728b)  -> (artifact id: '6cf76459045888ffcae8e3b6068d9df0') in 0.079856 seconds
Number of updated asset objects reloaded before import = 0
Number of asset objects unloaded after import = 2
========================================================================
Received Import Request.
  Time since last request: 1.760674 seconds.
  path: Assets/KayKit_Furniture_Bits_1.0_FREE/Assets
  artifactKey: Guid(cea110e40d6d94547ba7f06f4eafb953) Importer(815301076,1909f56bfc062723c751e8b465ee728b)
Start importing Assets/KayKit_Furniture_Bits_1.0_FREE/Assets using Guid(cea110e40d6d94547ba7f06f4eafb953) Importer(815301076,1909f56bfc062723c751e8b465ee728b)  -> (artifact id: 'a4254821805e3eb2eea409f9192c43a3') in 0.000686 seconds
Number of updated asset objects reloaded before import = 0
Number of asset objects unloaded after import = 0
========================================================================
Received Import Request.
  Time since last request: 1.211328 seconds.
  path: Assets/KayKit_Furniture_Bits_1.0_FREE/Assets/fbx
  artifactKey: Guid(a1a8bc5601d804e098ba9dc7a9d5d241) Importer(815301076,1909f56bfc062723c751e8b465ee728b)
Start importing Assets/KayKit_Furniture_Bits_1.0_FREE/Assets/fbx using Guid(a1a8bc5601d804e098ba9dc7a9d5d241) Importer(815301076,1909f56bfc062723c751e8b465ee728b)  -> (artifact id: 'f9dea4810061c31249b6e6ab2bff7bda') in 0.000539 seconds
Number of updated asset objects reloaded before import = 0
Number of asset objects unloaded after import = 0
========================================================================
Received Import Request.
  Time since last request: 0.067691 seconds.
  path: Assets/KayKit_Furniture_Bits_1.0_FREE/Assets/fbx/armchair.fbx
  artifactKey: Guid(257163994764c4c8d97fce5ed28b4034) Importer(815301076,1909f56bfc062723c751e8b465ee728b)
Start importing Assets/KayKit_Furniture_Bits_1.0_FREE/Assets/fbx/armchair.fbx using Guid(257163994764c4c8d97fce5ed28b4034) Importer(815301076,1909f56bfc062723c751e8b465ee728b)  -> (artifact id: '0d0a97c740fb80d3a74ccf72ce5e50e1') in 0.058013 seconds
Number of updated asset objects reloaded before import = 0
Number of asset objects unloaded after import = 9
========================================================================
Received Import Request.
  Time since last request: 0.000090 seconds.
  path: Assets/KayKit_Furniture_Bits_1.0_FREE/Assets/fbx/pictureframe_small_B.fbx
  artifactKey: Guid(a145b34111f8e4535bf2f4de326538eb) Importer(815301076,1909f56bfc062723c751e8b465ee728b)
Start importing Assets/KayKit_Furniture_Bits_1.0_FREE/Assets/fbx/pictureframe_small_B.fbx using Guid(a145b34111f8e4535bf2f4de326538eb) Importer(815301076,1909f56bfc062723c751e8b465ee728b)  -> (artifact id: '95f8acb5473406ee705a51f90dd62007') in 0.015062 seconds
Number of updated asset objects reloaded before import = 0
Number of asset objects unloaded after import = 9
========================================================================
Received Import Request.
  Time since last request: 0.000044 seconds.
  path: Assets/KayKit_Furniture_Bits_1.0_FREE/Assets/fbx/cabinet_medium.fbx
  artifactKey: Guid(9d2210cd3eda1444ea5e62a06ed09049) Importer(815301076,1909f56bfc062723c751e8b465ee728b)
Start importing Assets/KayKit_Furniture_Bits_1.0_FREE/Assets/fbx/cabinet_medium.fbx using Guid(9d2210cd3eda1444ea5e62a06ed09049) Importer(815301076,1909f56bfc062723c751e8b465ee728b)  -> (artifact id: '8b327493298e79a0259bfab7a20ebc75') in 0.021073 seconds
Number of updated asset objects reloaded before import = 0
Number of asset objects unloaded after import = 9
========================================================================
Received Import Request.
  Time since last request: 0.000357 seconds.
  path: Assets/KayKit_Furniture_Bits_1.0_FREE/Assets/fbx/cabinet_small.fbx
  artifactKey: Guid(e61fc0349d6ca41f39c46712d4bd858b) Importer(815301076,1909f56bfc062723c751e8b465ee728b)
Start importing Assets/KayKit_Furniture_Bits_1.0_FREE/Assets/fbx/cabinet_small.fbx using Guid(e61fc0349d6ca41f39c46712d4bd858b) Importer(815301076,1909f56bfc062723c751e8b465ee728b)  -> (artifact id: '9efda0697e557ef06e28f35b7ff9cd61') in 0.019790 seconds
Number of updated asset objects reloaded before import = 0
Number of asset objects unloaded after import = 9
========================================================================
Received Import Request.
  Time since last request: 0.000151 seconds.
  path: Assets/KayKit_Furniture_Bits_1.0_FREE/Assets/fbx/bed_single_B.fbx
  artifactKey: Guid(047154269402e437d91648977bc6ec7e) Importer(815301076,1909f56bfc062723c751e8b465ee728b)
Start importing Assets/KayKit_Furniture_Bits_1.0_FREE/Assets/fbx/bed_single_B.fbx using Guid(047154269402e437d91648977bc6ec7e) Importer(815301076,1909f56bfc062723c751e8b465ee728b)  -> (artifact id: '8137f042aae630405d945a551b14d230') in 0.013119 seconds
Number of updated asset objects reloaded before import = 0
Number of asset objects unloaded after import = 9
========================================================================
Received Import Request.
  Time since last request: 0.000097 seconds.
  path: Assets/KayKit_Furniture_Bits_1.0_FREE/Assets/fbx/pictureframe_standing_A.fbx
  artifactKey: Guid(4ffb099cd8e844ca0ad8db75ea86c3a3) Importer(815301076,1909f56bfc062723c751e8b465ee728b)
Start importing Assets/KayKit_Furniture_Bits_1.0_FREE/Assets/fbx/pictureframe_standing_A.fbx using Guid(4ffb099cd8e844ca0ad8db75ea86c3a3) Importer(815301076,1909f56bfc062723c751e8b465ee728b)  -> (artifact id: '170820f182e8fb78b0fa0cfa9257a6dd') in 0.016716 seconds
Number of updated asset objects reloaded before import = 0
Number of asset objects unloaded after import = 9
========================================================================
Received Import Request.
  Time since last request: 0.000042 seconds.
  path: Assets/KayKit_Furniture_Bits_1.0_FREE/Assets/fbx/shelf_A_small.fbx
  artifactKey: Guid(2de7beb9d957649aeb7a8728440e5321) Importer(815301076,1909f56bfc062723c751e8b465ee728b)
Start importing Assets/KayKit_Furniture_Bits_1.0_FREE/Assets/fbx/shelf_A_small.fbx using Guid(2de7beb9d957649aeb7a8728440e5321) Importer(815301076,1909f56bfc062723c751e8b465ee728b)  -> (artifact id: '032a0b5a868c205d4b8a2283c3c7fdfa') in 0.015946 seconds
Number of updated asset objects reloaded before import = 0
Number of asset objects unloaded after import = 9
========================================================================
Received Import Request.
  Time since last request: 0.000084 seconds.
  path: Assets/KayKit_Furniture_Bits_1.0_FREE/Assets/fbx/bed_single_A.fbx
  artifactKey: Guid(ea39c3505e1264976b6d3405c219bd41) Importer(815301076,1909f56bfc062723c751e8b465ee728b)
Start importing Assets/KayKit_Furniture_Bits_1.0_FREE/Assets/fbx/bed_single_A.fbx using Guid(ea39c3505e1264976b6d3405c219bd41) Importer(815301076,1909f56bfc062723c751e8b465ee728b)  -> (artifact id: '5f0d1483ec866bfa37964da6bee80c84') in 0.012850 seconds
Number of updated asset objects reloaded before import = 0
Number of asset objects unloaded after import = 9
========================================================================
Received Import Request.
  Time since last request: 0.000118 seconds.
  path: Assets/KayKit_Furniture_Bits_1.0_FREE/Assets/fbx/rug_oval_A.fbx
  artifactKey: Guid(2374c28fb14b7419ca4782dfd8d30b2c) Importer(815301076,1909f56bfc062723c751e8b465ee728b)
Start importing Assets/KayKit_Furniture_Bits_1.0_FREE/Assets/fbx/rug_oval_A.fbx using Guid(2374c28fb14b7419ca4782dfd8d30b2c) Importer(815301076,1909f56bfc062723c751e8b465ee728b)  -> (artifact id: '74e9c1221f18e2fb1c353f9d6ca6ad4b') in 0.022924 seconds
Number of updated asset objects reloaded before import = 0
Number of asset objects unloaded after import = 9
========================================================================
Received Import Request.
  Time since last request: 0.000056 seconds.
  path: Assets/KayKit_Furniture_Bits_1.0_FREE/Assets/fbx/shelf_B_large.fbx
  artifactKey: Guid(85729306675bc4722babd53e1b6e0154) Importer(815301076,1909f56bfc062723c751e8b465ee728b)
Start importing Assets/KayKit_Furniture_Bits_1.0_FREE/Assets/fbx/shelf_B_large.fbx using Guid(85729306675bc4722babd53e1b6e0154) Importer(815301076,1909f56bfc062723c751e8b465ee728b)  -> (artifact id: '79665bb31131d5c9245cdabea37496a5') in 0.012409 seconds
Number of updated asset objects reloaded before import = 0
Number of asset objects unloaded after import = 9
========================================================================
Received Import Request.
  Time since last request: 0.000056 seconds.
  path: Assets/KayKit_Furniture_Bits_1.0_FREE/Assets/fbx/rug_oval_B.fbx
  artifactKey: Guid(18b3f4d12863444618157592694a2670) Importer(815301076,1909f56bfc062723c751e8b465ee728b)
Start importing Assets/KayKit_Furniture_Bits_1.0_FREE/Assets/fbx/rug_oval_B.fbx using Guid(18b3f4d12863444618157592694a2670) Importer(815301076,1909f56bfc062723c751e8b465ee728b)  -> (artifact id: '1353bd79df489feed3924099c99cc887') in 0.018072 seconds
Number of updated asset objects reloaded before import = 0
Number of asset objects unloaded after import = 9
========================================================================
Received Import Request.
  Time since last request: 0.000607 seconds.
  path: Assets/KayKit_Furniture_Bits_1.0_FREE/Assets/fbx/bed_double_B.fbx
  artifactKey: Guid(f47e75a6f0b1a4a37ad18e2eb147aebf) Importer(815301076,1909f56bfc062723c751e8b465ee728b)
Start importing Assets/KayKit_Furniture_Bits_1.0_FREE/Assets/fbx/bed_double_B.fbx using Guid(f47e75a6f0b1a4a37ad18e2eb147aebf) Importer(815301076,1909f56bfc062723c751e8b465ee728b)  -> (artifact id: 'fc72cbac60fd27b659d53ad80f35a616') in 0.019870 seconds
Number of updated asset objects reloaded before import = 0
Number of asset objects unloaded after import = 9
========================================================================
Received Import Request.
  Time since last request: 0.000143 seconds.
  path: Assets/KayKit_Furniture_Bits_1.0_FREE/Assets/fbx/pillow_B.fbx
  artifactKey: Guid(cc9a1501a0cd74da99bc629e04694d4d) Importer(815301076,1909f56bfc062723c751e8b465ee728b)
Start importing Assets/KayKit_Furniture_Bits_1.0_FREE/Assets/fbx/pillow_B.fbx using Guid(cc9a1501a0cd74da99bc629e04694d4d) Importer(815301076,1909f56bfc062723c751e8b465ee728b)  -> (artifact id: 'af683d49651d835d246490ef082f65b4') in 0.014202 seconds
Number of updated asset objects reloaded before import = 0
Number of asset objects unloaded after import = 9
========================================================================
Received Import Request.
  Time since last request: 0.000053 seconds.
  path: Assets/KayKit_Furniture_Bits_1.0_FREE/Assets/fbx/couch_pillows.fbx
  artifactKey: Guid(903b74f31c09047328f7911a56d8ca15) Importer(815301076,1909f56bfc062723c751e8b465ee728b)
Start importing Assets/KayKit_Furniture_Bits_1.0_FREE/Assets/fbx/couch_pillows.fbx using Guid(903b74f31c09047328f7911a56d8ca15) Importer(815301076,1909f56bfc062723c751e8b465ee728b)  -> (artifact id: '70f08d567f627b2ebc8901e3a23bd6bf') in 0.017886 seconds
Number of updated asset objects reloaded before import = 0
Number of asset objects unloaded after import = 9
========================================================================
Received Import Request.
  Time since last request: 0.000332 seconds.
  path: Assets/KayKit_Furniture_Bits_1.0_FREE/Assets/fbx/rug_rectangle_stripes_A.fbx
  artifactKey: Guid(4001a7adda57d453d90e1737b40ef0ab) Importer(815301076,1909f56bfc062723c751e8b465ee728b)
Start importing Assets/KayKit_Furniture_Bits_1.0_FREE/Assets/fbx/rug_rectangle_stripes_A.fbx using Guid(4001a7adda57d453d90e1737b40ef0ab) Importer(815301076,1909f56bfc062723c751e8b465ee728b)  -> (artifact id: '6d21f45e389d37fdd08f25455d695cec') in 0.014085 seconds
Number of updated asset objects reloaded before import = 0
Number of asset objects unloaded after import = 9
========================================================================
Received Import Request.
  Time since last request: 0.000087 seconds.
  path: Assets/KayKit_Furniture_Bits_1.0_FREE/Assets/fbx/cabinet_small_decorated.fbx
  artifactKey: Guid(e6416955132644964b1b6e677aa59f9c) Importer(815301076,1909f56bfc062723c751e8b465ee728b)
Start importing Assets/KayKit_Furniture_Bits_1.0_FREE/Assets/fbx/cabinet_small_decorated.fbx using Guid(e6416955132644964b1b6e677aa59f9c) Importer(815301076,1909f56bfc062723c751e8b465ee728b)  -> (artifact id: 'c5fbae0c442af5e35402755413cd1dd0') in 0.013874 seconds
Number of updated asset objects reloaded before import = 0
Number of asset objects unloaded after import = 9
========================================================================
Received Import Request.
  Time since last request: 0.000487 seconds.
  path: Assets/KayKit_Furniture_Bits_1.0_FREE/Assets/fbx/cabinet_medium_decorated.fbx
  artifactKey: Guid(ab8a3da035b3746398aa574c06d7cba1) Importer(815301076,1909f56bfc062723c751e8b465ee728b)
Start importing Assets/KayKit_Furniture_Bits_1.0_FREE/Assets/fbx/cabinet_medium_decorated.fbx using Guid(ab8a3da035b3746398aa574c06d7cba1) Importer(815301076,1909f56bfc062723c751e8b465ee728b)  -> (artifact id: '9a56c0d4a92f32b275aaa28509e63747') in 0.018217 seconds
Number of updated asset objects reloaded before import = 0
Number of asset objects unloaded after import = 9
========================================================================
Received Import Request.
  Time since last request: 0.000041 seconds.
  path: Assets/KayKit_Furniture_Bits_1.0_FREE/Assets/fbx/cactus_medium_A.fbx
  artifactKey: Guid(c94231e32e9a14f3ab7d0df16a38a574) Importer(815301076,1909f56bfc062723c751e8b465ee728b)
Start importing Assets/KayKit_Furniture_Bits_1.0_FREE/Assets/fbx/cactus_medium_A.fbx using Guid(c94231e32e9a14f3ab7d0df16a38a574) Importer(815301076,1909f56bfc062723c751e8b465ee728b)  -> (artifact id: '6ecb583ad89718d5dd9b4eead48e3aba') in 0.014604 seconds
Number of updated asset objects reloaded before import = 0
Number of asset objects unloaded after import = 9
========================================================================
Received Import Request.
  Time since last request: 0.000098 seconds.
  path: Assets/KayKit_Furniture_Bits_1.0_FREE/Assets/fbx/pictureframe_large_B.fbx
  artifactKey: Guid(760aa56585e9645bb8ae0011694eb641) Importer(815301076,1909f56bfc062723c751e8b465ee728b)
Start importing Assets/KayKit_Furniture_Bits_1.0_FREE/Assets/fbx/pictureframe_large_B.fbx using Guid(760aa56585e9645bb8ae0011694eb641) Importer(815301076,1909f56bfc062723c751e8b465ee728b)  -> (artifact id: '93d45eacce53dc5e69ebcce1a80dcf08') in 0.016732 seconds
Number of updated asset objects reloaded before import = 0
Number of asset objects unloaded after import = 9
========================================================================
Received Import Request.
  Time since last request: 0.000144 seconds.
  path: Assets/KayKit_Furniture_Bits_1.0_FREE/Assets/fbx/bed_double_A.fbx
  artifactKey: Guid(850faa002409248a0946ef06b9cb9e44) Importer(815301076,1909f56bfc062723c751e8b465ee728b)
Start importing Assets/KayKit_Furniture_Bits_1.0_FREE/Assets/fbx/bed_double_A.fbx using Guid(850faa002409248a0946ef06b9cb9e44) Importer(815301076,1909f56bfc062723c751e8b465ee728b)  -> (artifact id: '203454d3877455a92d639f158bca9575') in 0.021123 seconds
Number of updated asset objects reloaded before import = 0
Number of asset objects unloaded after import = 9
========================================================================
Received Import Request.
  Time since last request: 0.000038 seconds.
  path: Assets/KayKit_Furniture_Bits_1.0_FREE/Assets/fbx/pictureframe_large_A.fbx
  artifactKey: Guid(22a0f2d29079f43ff8d84efb2f70cee5) Importer(815301076,1909f56bfc062723c751e8b465ee728b)
Start importing Assets/KayKit_Furniture_Bits_1.0_FREE/Assets/fbx/pictureframe_large_A.fbx using Guid(22a0f2d29079f43ff8d84efb2f70cee5) Importer(815301076,1909f56bfc062723c751e8b465ee728b)  -> (artifact id: '6fad5d45dd8b939196dd2c2d09dc60d9') in 0.014814 seconds
Number of updated asset objects reloaded before import = 0
Number of asset objects unloaded after import = 9
========================================================================
Received Import Request.
  Time since last request: 0.000052 seconds.
  path: Assets/KayKit_Furniture_Bits_1.0_FREE/Assets/fbx/chair_A.fbx
  artifactKey: Guid(c138e734484a54175af28cec6502844f) Importer(815301076,1909f56bfc062723c751e8b465ee728b)
Start importing Assets/KayKit_Furniture_Bits_1.0_FREE/Assets/fbx/chair_A.fbx using Guid(c138e734484a54175af28cec6502844f) Importer(815301076,1909f56bfc062723c751e8b465ee728b)  -> (artifact id: '1d14a8c30319464cd953e6281f2de16a') in 0.017662 seconds
Number of updated asset objects reloaded before import = 0
Number of asset objects unloaded after import = 9
========================================================================
Received Import Request.
  Time since last request: 0.000067 seconds.
  path: Assets/KayKit_Furniture_Bits_1.0_FREE/Assets/fbx/chair_A_wood.fbx
  artifactKey: Guid(840c97f08f5ee421ebc7d6308fea593e) Importer(815301076,1909f56bfc062723c751e8b465ee728b)
Start importing Assets/KayKit_Furniture_Bits_1.0_FREE/Assets/fbx/chair_A_wood.fbx using Guid(840c97f08f5ee421ebc7d6308fea593e) Importer(815301076,1909f56bfc062723c751e8b465ee728b)  -> (artifact id: 'c55bb618b3e830fb541f6396fade2031') in 0.014646 seconds
Number of updated asset objects reloaded before import = 0
Number of asset objects unloaded after import = 9
========================================================================
Received Import Request.
  Time since last request: 0.000035 seconds.
  path: Assets/KayKit_Furniture_Bits_1.0_FREE/Assets/fbx/lamp_standing.fbx
  artifactKey: Guid(e247c753a284f4a55ad44eb3d1e123e3) Importer(815301076,1909f56bfc062723c751e8b465ee728b)
Start importing Assets/KayKit_Furniture_Bits_1.0_FREE/Assets/fbx/lamp_standing.fbx using Guid(e247c753a284f4a55ad44eb3d1e123e3) Importer(815301076,1909f56bfc062723c751e8b465ee728b)  -> (artifact id: '9a49668bf0bd73c772f50257542e0049') in 0.014660 seconds
Number of updated asset objects reloaded before import = 0
Number of asset objects unloaded after import = 9
========================================================================
Received Import Request.
  Time since last request: 0.000054 seconds.
  path: Assets/KayKit_Furniture_Bits_1.0_FREE/Assets/fbx/pictureframe_standing_B.fbx
  artifactKey: Guid(c955c0a2d17eb47cf941f019b1518c07) Importer(815301076,1909f56bfc062723c751e8b465ee728b)
Start importing Assets/KayKit_Furniture_Bits_1.0_FREE/Assets/fbx/pictureframe_standing_B.fbx using Guid(c955c0a2d17eb47cf941f019b1518c07) Importer(815301076,1909f56bfc062723c751e8b465ee728b)  -> (artifact id: 'f573523ea35bcfa6156cc3c02f00ea21') in 0.020130 seconds
Number of updated asset objects reloaded before import = 0
Number of asset objects unloaded after import = 9
========================================================================
Received Import Request.
  Time since last request: 1.982151 seconds.
  path: Assets/KayKit_Furniture_Bits_1.0_FREE/Assets/fbx (unity)
  artifactKey: Guid(4e90c0bc05d43495db85804c1fd7d0bc) Importer(815301076,1909f56bfc062723c751e8b465ee728b)
Start importing Assets/KayKit_Furniture_Bits_1.0_FREE/Assets/fbx (unity) using Guid(4e90c0bc05d43495db85804c1fd7d0bc) Importer(815301076,1909f56bfc062723c751e8b465ee728b)  -> (artifact id: 'ead7ee700d6b8b189175d849446edfd0') in 0.000939 seconds
Number of updated asset objects reloaded before import = 0
Number of asset objects unloaded after import = 0
========================================================================
Received Import Request.
  Time since last request: 0.108660 seconds.
  path: Assets/KayKit_Furniture_Bits_1.0_FREE/Assets/fbx (unity)/armchair.fbx
  artifactKey: Guid(1953bcc7439924228a5ed2d100fdfd2b) Importer(815301076,1909f56bfc062723c751e8b465ee728b)
Start importing Assets/KayKit_Furniture_Bits_1.0_FREE/Assets/fbx (unity)/armchair.fbx using Guid(1953bcc7439924228a5ed2d100fdfd2b) Importer(815301076,1909f56bfc062723c751e8b465ee728b)  -> (artifact id: '216913617bfdf936a580316ab414392d') in 0.032947 seconds
Number of updated asset objects reloaded before import = 0
Number of asset objects unloaded after import = 9
========================================================================
Received Import Request.
  Time since last request: 0.000305 seconds.
  path: Assets/KayKit_Furniture_Bits_1.0_FREE/Assets/fbx (unity)/shelf_B_large.fbx
  artifactKey: Guid(9fb4dbd40c9c1489cb5d914244ce7806) Importer(815301076,1909f56bfc062723c751e8b465ee728b)
Start importing Assets/KayKit_Furniture_Bits_1.0_FREE/Assets/fbx (unity)/shelf_B_large.fbx using Guid(9fb4dbd40c9c1489cb5d914244ce7806) Importer(815301076,1909f56bfc062723c751e8b465ee728b)  -> (artifact id: 'f57a5292aca0387c5a140cf3bf7144ff') in 0.017691 seconds
Number of updated asset objects reloaded before import = 0
Number of asset objects unloaded after import = 9
========================================================================
Received Import Request.
  Time since last request: 0.000594 seconds.
  path: Assets/KayKit_Furniture_Bits_1.0_FREE/Assets/fbx (unity)/shelf_A_small.fbx
  artifactKey: Guid(c7f6485463eca43bc8622126c068b142) Importer(815301076,1909f56bfc062723c751e8b465ee728b)
Start importing Assets/KayKit_Furniture_Bits_1.0_FREE/Assets/fbx (unity)/shelf_A_small.fbx using Guid(c7f6485463eca43bc8622126c068b142) Importer(815301076,1909f56bfc062723c751e8b465ee728b)  -> (artifact id: '536ae459cd84cb61219827084b38f35b') in 0.025412 seconds
Number of updated asset objects reloaded before import = 0
Number of asset objects unloaded after import = 9
========================================================================
Received Import Request.
  Time since last request: 0.000721 seconds.
  path: Assets/KayKit_Furniture_Bits_1.0_FREE/Assets/fbx (unity)/book_set.fbx
  artifactKey: Guid(64aac56b32d464a649ffe9ffca967cf1) Importer(815301076,1909f56bfc062723c751e8b465ee728b)
Start importing Assets/KayKit_Furniture_Bits_1.0_FREE/Assets/fbx (unity)/book_set.fbx using Guid(64aac56b32d464a649ffe9ffca967cf1) Importer(815301076,1909f56bfc062723c751e8b465ee728b)  -> (artifact id: '2db89b6a21d45e9f3a93acdf9c6acc11') in 0.019831 seconds
Number of updated asset objects reloaded before import = 0
Number of asset objects unloaded after import = 9
========================================================================
Received Import Request.
  Time since last request: 0.000181 seconds.
  path: Assets/KayKit_Furniture_Bits_1.0_FREE/Assets/fbx (unity)/pillow_B.fbx
  artifactKey: Guid(ac32d6c2660f74f70908c7f5324ac000) Importer(815301076,1909f56bfc062723c751e8b465ee728b)
Start importing Assets/KayKit_Furniture_Bits_1.0_FREE/Assets/fbx (unity)/pillow_B.fbx using Guid(ac32d6c2660f74f70908c7f5324ac000) Importer(815301076,1909f56bfc062723c751e8b465ee728b)  -> (artifact id: '390d48b05d7fad08c7a52326c8643fe4') in 0.016633 seconds
Number of updated asset objects reloaded before import = 0
Number of asset objects unloaded after import = 9
========================================================================
Received Import Request.
  Time since last request: 0.000138 seconds.
  path: Assets/KayKit_Furniture_Bits_1.0_FREE/Assets/fbx (unity)/pictureframe_standing_A.fbx
  artifactKey: Guid(148a57511300b4a74a1378a7fbf2a056) Importer(815301076,1909f56bfc062723c751e8b465ee728b)
Start importing Assets/KayKit_Furniture_Bits_1.0_FREE/Assets/fbx (unity)/pictureframe_standing_A.fbx using Guid(148a57511300b4a74a1378a7fbf2a056) Importer(815301076,1909f56bfc062723c751e8b465ee728b)  -> (artifact id: '9ddabf209b8a3f65164f41f2ce5f8459') in 0.022704 seconds
Number of updated asset objects reloaded before import = 0
Number of asset objects unloaded after import = 9
========================================================================
Received Import Request.
  Time since last request: 0.000224 seconds.
  path: Assets/KayKit_Furniture_Bits_1.0_FREE/Assets/fbx (unity)/book_single.fbx
  artifactKey: Guid(97e8256393046495585e4a50938748b0) Importer(815301076,1909f56bfc062723c751e8b465ee728b)
Start importing Assets/KayKit_Furniture_Bits_1.0_FREE/Assets/fbx (unity)/book_single.fbx using Guid(97e8256393046495585e4a50938748b0) Importer(815301076,1909f56bfc062723c751e8b465ee728b)  -> (artifact id: 'ecc496c1c5767ed1546f57401022bf3e') in 0.018469 seconds
Number of updated asset objects reloaded before import = 0
Number of asset objects unloaded after import = 9
========================================================================
Received Import Request.
  Time since last request: 0.000152 seconds.
  path: Assets/KayKit_Furniture_Bits_1.0_FREE/Assets/fbx (unity)/bed_double_A.fbx
  artifactKey: Guid(0537936252817424aa44e933a8a9236b) Importer(815301076,1909f56bfc062723c751e8b465ee728b)
Start importing Assets/KayKit_Furniture_Bits_1.0_FREE/Assets/fbx (unity)/bed_double_A.fbx using Guid(0537936252817424aa44e933a8a9236b) Importer(815301076,1909f56bfc062723c751e8b465ee728b)  -> (artifact id: '59dd228ca355355e1f1224c164972664') in 0.020904 seconds
Number of updated asset objects reloaded before import = 0
Number of asset objects unloaded after import = 9
========================================================================
Received Import Request.
  Time since last request: 0.000052 seconds.
  path: Assets/KayKit_Furniture_Bits_1.0_FREE/Assets/fbx (unity)/chair_B.fbx
  artifactKey: Guid(1f4b650a10ac94ea792b5b3e01ead6f3) Importer(815301076,1909f56bfc062723c751e8b465ee728b)
Start importing Assets/KayKit_Furniture_Bits_1.0_FREE/Assets/fbx (unity)/chair_B.fbx using Guid(1f4b650a10ac94ea792b5b3e01ead6f3) Importer(815301076,1909f56bfc062723c751e8b465ee728b)  -> (artifact id: 'b82b750b24665217b92e43dccfd22dbc') in 0.022055 seconds
Number of updated asset objects reloaded before import = 0
Number of asset objects unloaded after import = 9
========================================================================
Received Import Request.
  Time since last request: 0.001088 seconds.
  path: Assets/KayKit_Furniture_Bits_1.0_FREE/Assets/fbx (unity)/cabinet_small.fbx
  artifactKey: Guid(6882c00fb66664186a80350726d7f233) Importer(815301076,1909f56bfc062723c751e8b465ee728b)
Start importing Assets/KayKit_Furniture_Bits_1.0_FREE/Assets/fbx (unity)/cabinet_small.fbx using Guid(6882c00fb66664186a80350726d7f233) Importer(815301076,1909f56bfc062723c751e8b465ee728b)  -> (artifact id: '66f9b382cae9a61b562a51f843300617') in 0.017001 seconds
Number of updated asset objects reloaded before import = 0
Number of asset objects unloaded after import = 9
========================================================================
Received Import Request.
  Time since last request: 0.000786 seconds.
  path: Assets/KayKit_Furniture_Bits_1.0_FREE/Assets/fbx (unity)/shelf_A_big.fbx
  artifactKey: Guid(6148c021bf5944270a43b80039715f19) Importer(815301076,1909f56bfc062723c751e8b465ee728b)
Start importing Assets/KayKit_Furniture_Bits_1.0_FREE/Assets/fbx (unity)/shelf_A_big.fbx using Guid(6148c021bf5944270a43b80039715f19) Importer(815301076,1909f56bfc062723c751e8b465ee728b)  -> (artifact id: 'dc133e45ce3c8ec9fce0fa6ac2cb32f0') in 0.018370 seconds
Number of updated asset objects reloaded before import = 0
Number of asset objects unloaded after import = 9
========================================================================
Received Import Request.
  Time since last request: 0.004886 seconds.
  path: Assets/KayKit_Furniture_Bits_1.0_FREE/Assets/fbx (unity)/shelf_B_large_decorated.fbx
  artifactKey: Guid(df21a1533ee4e4b2387463b4f36b814b) Importer(815301076,1909f56bfc062723c751e8b465ee728b)
Start importing Assets/KayKit_Furniture_Bits_1.0_FREE/Assets/fbx (unity)/shelf_B_large_decorated.fbx using Guid(df21a1533ee4e4b2387463b4f36b814b) Importer(815301076,1909f56bfc062723c751e8b465ee728b)  -> (artifact id: 'b081df21b26feefca142f3781cf1cde2') in 0.016871 seconds
Number of updated asset objects reloaded before import = 0
Number of asset objects unloaded after import = 9
========================================================================
Received Import Request.
  Time since last request: 0.005627 seconds.
  path: Assets/KayKit_Furniture_Bits_1.0_FREE/Assets/fbx (unity)/pillow_A.fbx
  artifactKey: Guid(3b5d2e3afa022405080ba00f0b560c65) Importer(815301076,1909f56bfc062723c751e8b465ee728b)
Start importing Assets/KayKit_Furniture_Bits_1.0_FREE/Assets/fbx (unity)/pillow_A.fbx using Guid(3b5d2e3afa022405080ba00f0b560c65) Importer(815301076,1909f56bfc062723c751e8b465ee728b)  -> (artifact id: '439e8a44632d0d3d654409d0bb2b0cbd') in 0.020613 seconds
Number of updated asset objects reloaded before import = 0
Number of asset objects unloaded after import = 9
========================================================================
Received Import Request.
  Time since last request: 0.005222 seconds.
  path: Assets/KayKit_Furniture_Bits_1.0_FREE/Assets/fbx (unity)/pictureframe_large_B.fbx
  artifactKey: Guid(eb1fbfa552bf744a0b0815816ab6eee4) Importer(815301076,1909f56bfc062723c751e8b465ee728b)
Start importing Assets/KayKit_Furniture_Bits_1.0_FREE/Assets/fbx (unity)/pictureframe_large_B.fbx using Guid(eb1fbfa552bf744a0b0815816ab6eee4) Importer(815301076,1909f56bfc062723c751e8b465ee728b)  -> (artifact id: '62eac84ec394ef983efe6ee25fe972fe') in 0.022092 seconds
Number of updated asset objects reloaded before import = 0
Number of asset objects unloaded after import = 9
========================================================================
Received Import Request.
  Time since last request: 0.002347 seconds.
  path: Assets/KayKit_Furniture_Bits_1.0_FREE/Assets/fbx (unity)/cabinet_medium.fbx
  artifactKey: Guid(e3767be98613743ed951b30a2a8fb89f) Importer(815301076,1909f56bfc062723c751e8b465ee728b)
Start importing Assets/KayKit_Furniture_Bits_1.0_FREE/Assets/fbx (unity)/cabinet_medium.fbx using Guid(e3767be98613743ed951b30a2a8fb89f) Importer(815301076,1909f56bfc062723c751e8b465ee728b)  -> (artifact id: '21ba7efc0190d88c228808a519414f36') in 0.019674 seconds
Number of updated asset objects reloaded before import = 0
Number of asset objects unloaded after import = 9
========================================================================
Received Import Request.
  Time since last request: 0.003089 seconds.
  path: Assets/KayKit_Furniture_Bits_1.0_FREE/Assets/fbx (unity)/lamp_standing.fbx
  artifactKey: Guid(53ec0004eab7e4287828b6be3d211163) Importer(815301076,1909f56bfc062723c751e8b465ee728b)
Start importing Assets/KayKit_Furniture_Bits_1.0_FREE/Assets/fbx (unity)/lamp_standing.fbx using Guid(53ec0004eab7e4287828b6be3d211163) Importer(815301076,1909f56bfc062723c751e8b465ee728b)  -> (artifact id: '8139b0f56614468b5d0116145b1f138a') in 0.017089 seconds
Number of updated asset objects reloaded before import = 0
Number of asset objects unloaded after import = 9
========================================================================
Received Import Request.
  Time since last request: 0.004928 seconds.
  path: Assets/KayKit_Furniture_Bits_1.0_FREE/Assets/fbx (unity)/cactus_medium_B.fbx
  artifactKey: Guid(287d453065dd740f68217d25ea464ba7) Importer(815301076,1909f56bfc062723c751e8b465ee728b)
Start importing Assets/KayKit_Furniture_Bits_1.0_FREE/Assets/fbx (unity)/cactus_medium_B.fbx using Guid(287d453065dd740f68217d25ea464ba7) Importer(815301076,1909f56bfc062723c751e8b465ee728b)  -> (artifact id: 'd9704861630a6eb35ff6bc1d13a3bc69') in 0.027783 seconds
Number of updated asset objects reloaded before import = 0
Number of asset objects unloaded after import = 9
========================================================================
Received Import Request.
  Time since last request: 0.001357 seconds.
  path: Assets/KayKit_Furniture_Bits_1.0_FREE/Assets/fbx (unity)/cactus_small_B.fbx
  artifactKey: Guid(de6a85c1c2d3d4358a1070576b79ac57) Importer(815301076,1909f56bfc062723c751e8b465ee728b)
Start importing Assets/KayKit_Furniture_Bits_1.0_FREE/Assets/fbx (unity)/cactus_small_B.fbx using Guid(de6a85c1c2d3d4358a1070576b79ac57) Importer(815301076,1909f56bfc062723c751e8b465ee728b)  -> (artifact id: 'de88e11fb240fa3a50d2d32bb05b8f2d') in 0.019765 seconds
Number of updated asset objects reloaded before import = 0
Number of asset objects unloaded after import = 9
========================================================================
Received Import Request.
  Time since last request: 0.000083 seconds.
  path: Assets/KayKit_Furniture_Bits_1.0_FREE/Assets/fbx (unity)/chair_B_wood.fbx
  artifactKey: Guid(5d3d255ae0cdd4e1a9be5acf2199a53b) Importer(815301076,1909f56bfc062723c751e8b465ee728b)
Start importing Assets/KayKit_Furniture_Bits_1.0_FREE/Assets/fbx (unity)/chair_B_wood.fbx using Guid(5d3d255ae0cdd4e1a9be5acf2199a53b) Importer(815301076,1909f56bfc062723c751e8b465ee728b)  -> (artifact id: 'cc51ec26b098b27c4d4392a09665bc69') in 0.016546 seconds
Number of updated asset objects reloaded before import = 0
Number of asset objects unloaded after import = 9
========================================================================
Received Import Request.
  Time since last request: 0.000040 seconds.
  path: Assets/KayKit_Furniture_Bits_1.0_FREE/Assets/fbx (unity)/chair_stool_wood.fbx
  artifactKey: Guid(6e0dae21c373a4e3abcef90a78a9b8c1) Importer(815301076,1909f56bfc062723c751e8b465ee728b)
Start importing Assets/KayKit_Furniture_Bits_1.0_FREE/Assets/fbx (unity)/chair_stool_wood.fbx using Guid(6e0dae21c373a4e3abcef90a78a9b8c1) Importer(815301076,1909f56bfc062723c751e8b465ee728b)  -> (artifact id: '0133ed80ca7e072d50dafb46b49c9912') in 0.021800 seconds
Number of updated asset objects reloaded before import = 0
Number of asset objects unloaded after import = 9
========================================================================
Received Import Request.
  Time since last request: 0.001320 seconds.
  path: Assets/KayKit_Furniture_Bits_1.0_FREE/Assets/fbx (unity)/cactus_medium_A.fbx
  artifactKey: Guid(6733e3197bd8049aa8298ebdcf67cf4e) Importer(815301076,1909f56bfc062723c751e8b465ee728b)
Start importing Assets/KayKit_Furniture_Bits_1.0_FREE/Assets/fbx (unity)/cactus_medium_A.fbx using Guid(6733e3197bd8049aa8298ebdcf67cf4e) Importer(815301076,1909f56bfc062723c751e8b465ee728b)  -> (artifact id: '70097808c65687c85eecb55111ae5c23') in 0.016407 seconds
Number of updated asset objects reloaded before import = 0
Number of asset objects unloaded after import = 9
========================================================================
Received Import Request.
  Time since last request: 0.008460 seconds.
  path: Assets/KayKit_Furniture_Bits_1.0_FREE/Assets/fbx (unity)/pictureframe_standing_B.fbx
  artifactKey: Guid(361fce8168c074699bd5a39c0cf880e7) Importer(815301076,1909f56bfc062723c751e8b465ee728b)
Start importing Assets/KayKit_Furniture_Bits_1.0_FREE/Assets/fbx (unity)/pictureframe_standing_B.fbx using Guid(361fce8168c074699bd5a39c0cf880e7) Importer(815301076,1909f56bfc062723c751e8b465ee728b)  -> (artifact id: '2aac33416ba504a863be9c7cb203ffd0') in 0.023880 seconds
Number of updated asset objects reloaded before import = 0
Number of asset objects unloaded after import = 9
========================================================================
Received Import Request.
  Time since last request: 0.003884 seconds.
  path: Assets/KayKit_Furniture_Bits_1.0_FREE/Assets/fbx (unity)/rug_oval_B.fbx
  artifactKey: Guid(3192b53125636448caf6e8a72860ff68) Importer(815301076,1909f56bfc062723c751e8b465ee728b)
Start importing Assets/KayKit_Furniture_Bits_1.0_FREE/Assets/fbx (unity)/rug_oval_B.fbx using Guid(3192b53125636448caf6e8a72860ff68) Importer(815301076,1909f56bfc062723c751e8b465ee728b)  -> (artifact id: '9f1a7ff95cd8d8de9cd166aa4eff735f') in 0.023818 seconds
Number of updated asset objects reloaded before import = 0
Number of asset objects unloaded after import = 9
========================================================================
Received Import Request.
  Time since last request: 0.002194 seconds.
  path: Assets/KayKit_Furniture_Bits_1.0_FREE/Assets/fbx (unity)/bed_single_A.fbx
  artifactKey: Guid(f1c098cdcdcdf403db68af9b10b9b4f3) Importer(815301076,1909f56bfc062723c751e8b465ee728b)
Start importing Assets/KayKit_Furniture_Bits_1.0_FREE/Assets/fbx (unity)/bed_single_A.fbx using Guid(f1c098cdcdcdf403db68af9b10b9b4f3) Importer(815301076,1909f56bfc062723c751e8b465ee728b)  -> (artifact id: '7bdc709f395c65b9da26dad950df4bc8') in 0.014961 seconds
Number of updated asset objects reloaded before import = 0
Number of asset objects unloaded after import = 9
========================================================================
Received Import Request.
  Time since last request: 1.669388 seconds.
  path: Assets/KayKit_Furniture_Bits_1.0_FREE/Assets/fbx (unity)/shelf_B_small_decorated.fbx
  artifactKey: Guid(e671823c40657491b9d7466ff6effe12) Importer(815301076,1909f56bfc062723c751e8b465ee728b)
Start importing Assets/KayKit_Furniture_Bits_1.0_FREE/Assets/fbx (unity)/shelf_B_small_decorated.fbx using Guid(e671823c40657491b9d7466ff6effe12) Importer(815301076,1909f56bfc062723c751e8b465ee728b)  -> (artifact id: '7256e51dfda9c3eb48da0f6d4680ab91') in 0.018518 seconds
Number of updated asset objects reloaded before import = 0
Number of asset objects unloaded after import = 9
========================================================================
Received Import Request.
  Time since last request: 0.000068 seconds.
  path: Assets/KayKit_Furniture_Bits_1.0_FREE/Assets/fbx (unity)/table_medium_long.fbx
  artifactKey: Guid(6a526a1a050fe42eb9228249db4d00c1) Importer(815301076,1909f56bfc062723c751e8b465ee728b)
Start importing Assets/KayKit_Furniture_Bits_1.0_FREE/Assets/fbx (unity)/table_medium_long.fbx using Guid(6a526a1a050fe42eb9228249db4d00c1) Importer(815301076,1909f56bfc062723c751e8b465ee728b)  -> (artifact id: '151dd6cbe31dcd83753f09888b2f5ddb') in 0.014122 seconds
Number of updated asset objects reloaded before import = 0
Number of asset objects unloaded after import = 9
========================================================================
Received Import Request.
  Time since last request: 0.000044 seconds.
  path: Assets/KayKit_Furniture_Bits_1.0_FREE/Assets/fbx (unity)/table_medium.fbx
  artifactKey: Guid(91c4a5ac845d841239cf58fce1e68600) Importer(815301076,1909f56bfc062723c751e8b465ee728b)
Start importing Assets/KayKit_Furniture_Bits_1.0_FREE/Assets/fbx (unity)/table_medium.fbx using Guid(91c4a5ac845d841239cf58fce1e68600) Importer(815301076,1909f56bfc062723c751e8b465ee728b)  -> (artifact id: '4988a1fdfb2548f0973bfce5b134dc24') in 0.027378 seconds
Number of updated asset objects reloaded before import = 0
Number of asset objects unloaded after import = 9
========================================================================
Received Prepare
Begin MonoManager ReloadAssembly
Thread 0x16fc27000 may have been prematurely finalized
- Loaded All Assemblies, in  0.524 seconds
Refreshing native plugins compatible for Editor in 1.08 ms, found 4 plugins.
Native extension for OSXStandalone target not found
Native extension for WebGL target not found
Mono: successfully reloaded assembly
- Finished resetting the current domain, in  0.893 seconds
Domain Reload Profiling: 1418ms
	BeginReloadAssembly (121ms)
		ExecutionOrderSort (0ms)
		DisableScriptedObjects (4ms)
		BackupInstance (0ms)
		ReleaseScriptingObjects (0ms)
		CreateAndSetChildDomain (52ms)
	RebuildCommonClasses (28ms)
	RebuildNativeTypeToScriptingClass (10ms)
	initialDomainReloadingComplete (18ms)
	LoadAllAssembliesAndSetupDomain (347ms)
		LoadAssemblies (170ms)
		RebuildTransferFunctionScriptingTraits (0ms)
		AnalyzeDomain (212ms)
			TypeCache.Refresh (204ms)
				TypeCache.ScanAssembly (194ms)
			ScanForSourceGeneratedMonoScriptInfo (0ms)
			ResolveRequiredComponents (8ms)
	FinalizeReload (894ms)
		ReleaseScriptCaches (0ms)
		RebuildScriptCaches (0ms)
		SetupLoadedEditorAssemblies (344ms)
			LogAssemblyErrors (0ms)
			InitializePlatformSupportModulesInManaged (4ms)
			SetLoadedEditorAssemblies (6ms)
			RefreshPlugins (0ms)
			BeforeProcessingInitializeOnLoad (53ms)
			ProcessInitializeOnLoadAttributes (236ms)
			ProcessInitializeOnLoadMethodAttributes (44ms)
			AfterProcessingInitializeOnLoad (1ms)
			EditorAssembliesLoaded (0ms)
		ExecutionOrderSort2 (0ms)
		AwakeInstancesAfterBackupRestoration (3ms)
Refreshing native plugins compatible for Editor in 1.10 ms, found 4 plugins.
Preloading 0 native plugins for Editor in 0.00 ms.
Unloading 3663 Unused Serialized files (Serialized files now loaded: 0)
Unloading 57 unused Assets / (2.5 MB). Loaded Objects now: 4426.
Memory consumption went from 204.0 MB to 201.6 MB.
Total: 6.468625 ms (FindLiveObjects: 0.159125 ms CreateObjectMapping: 0.060000 ms MarkObjects: 5.543917 ms  DeleteObjects: 0.704583 ms)

Prepare: number of updated asset objects reloaded= 0
AssetImportParameters requested are different than current active one (requested -> active):
  custom:container-demuxer-ogg: 62fdf1f143b41e24485cea50d1cbac27 -> 
  custom:video-decoder-ogg-theora: a1e56fd34408186e4bbccfd4996cb3dc -> 
  custom:CustomObjectIndexerAttribute: d54d2f2da18e7612c182cf67624b6b12 -> 
  custom:container-demuxer-webm: 4f35f7cbe854078d1ac9338744f61a02 -> 
  custom:container-muxer-webm: aa71ff27fc2769a1b78a27578f13a17b -> 
  custom:video-decoder-webm-vp8: 9c59270c3fd7afecdb556c50c9e8de78 -> 
  custom:AudioImporter_EditorPlatform: 3918e3fc78b5a79bad01e8451be0beb8 -> 
  custom:framework-osx-AVFoundation: e770b220cccbd017edd2c1fefb359320 -> 
  custom:video-encoder-webm-vp8: eb34c28f22e8b96e1ab97ce403110664 -> 
  custom:audio-decoder-ogg-vorbis: bf7c407c2cedff20999df2af8eb42d56 -> 
  custom:audio-encoder-webm-vorbis: bf7c407c2cedff20999df2af8eb42d56 -> 
========================================================================
Received Import Request.
  Time since last request: 1079.444935 seconds.
  path: Assets/2D_Images/worldWarOne.jpg
  artifactKey: Guid(16a0fd9eee709433d8d49b816c7c852d) Importer(815301076,1909f56bfc062723c751e8b465ee728b)
Start importing Assets/2D_Images/worldWarOne.jpg using Guid(16a0fd9eee709433d8d49b816c7c852d) Importer(815301076,1909f56bfc062723c751e8b465ee728b)  -> (artifact id: '275c8983d617936aed389ea49306628a') in 0.207136 seconds
Number of updated asset objects reloaded before import = 0
Number of asset objects unloaded after import = 2
========================================================================
Received Import Request.
  Time since last request: 72.155321 seconds.
  path: Assets/2D_Images/PictureWar.mat
  artifactKey: Guid(2481571995e4a43dc8864843e2aeb522) Importer(815301076,1909f56bfc062723c751e8b465ee728b)
Start importing Assets/2D_Images/PictureWar.mat using Guid(2481571995e4a43dc8864843e2aeb522) Importer(815301076,1909f56bfc062723c751e8b465ee728b)  -> (artifact id: '30fa1f1ec5affead0da6e2a9333d35e2') in 0.055500 seconds
Number of updated asset objects reloaded before import = 0
Number of asset objects unloaded after import = 1
========================================================================
Received Import Request.
  Time since last request: 25.579179 seconds.
  path: Assets/2D_Images/PictureWar.mat
  artifactKey: Guid(2481571995e4a43dc8864843e2aeb522) Importer(815301076,1909f56bfc062723c751e8b465ee728b)
Start importing Assets/2D_Images/PictureWar.mat using Guid(2481571995e4a43dc8864843e2aeb522) Importer(815301076,1909f56bfc062723c751e8b465ee728b)  -> (artifact id: 'abc0f9e563715561efffb277fbadf8bb') in 0.024466 seconds
Number of updated asset objects reloaded before import = 0
Number of asset objects unloaded after import = 2
========================================================================
Received Prepare
Begin MonoManager ReloadAssembly
Thread 0x16fc27000 may have been prematurely finalized
- Loaded All Assemblies, in  0.675 seconds
Refreshing native plugins compatible for Editor in 0.95 ms, found 4 plugins.
Native extension for OSXStandalone target not found
Native extension for WebGL target not found
Mono: successfully reloaded assembly
- Finished resetting the current domain, in  0.946 seconds
Domain Reload Profiling: 1621ms
	BeginReloadAssembly (190ms)
		ExecutionOrderSort (0ms)
		DisableScriptedObjects (12ms)
		BackupInstance (0ms)
		ReleaseScriptingObjects (0ms)
		CreateAndSetChildDomain (67ms)
	RebuildCommonClasses (25ms)
	RebuildNativeTypeToScriptingClass (8ms)
	initialDomainReloadingComplete (17ms)
	LoadAllAssembliesAndSetupDomain (435ms)
		LoadAssemblies (213ms)
		RebuildTransferFunctionScriptingTraits (0ms)
		AnalyzeDomain (296ms)
			TypeCache.Refresh (289ms)
				TypeCache.ScanAssembly (267ms)
			ScanForSourceGeneratedMonoScriptInfo (0ms)
			ResolveRequiredComponents (8ms)
	FinalizeReload (946ms)
		ReleaseScriptCaches (0ms)
		RebuildScriptCaches (0ms)
		SetupLoadedEditorAssemblies (261ms)
			LogAssemblyErrors (0ms)
			InitializePlatformSupportModulesInManaged (3ms)
			SetLoadedEditorAssemblies (4ms)
			RefreshPlugins (0ms)
			BeforeProcessingInitializeOnLoad (37ms)
			ProcessInitializeOnLoadAttributes (178ms)
			ProcessInitializeOnLoadMethodAttributes (38ms)
			AfterProcessingInitializeOnLoad (1ms)
			EditorAssembliesLoaded (0ms)
		ExecutionOrderSort2 (0ms)
		AwakeInstancesAfterBackupRestoration (4ms)
Refreshing native plugins compatible for Editor in 1.37 ms, found 4 plugins.
Preloading 0 native plugins for Editor in 0.00 ms.
Unloading 3663 Unused Serialized files (Serialized files now loaded: 0)
Unloading 57 unused Assets / (2.4 MB). Loaded Objects now: 4441.
Memory consumption went from 205.6 MB to 203.2 MB.
Total: 3.226291 ms (FindLiveObjects: 0.149333 ms CreateObjectMapping: 0.047625 ms MarkObjects: 2.345500 ms  DeleteObjects: 0.683000 ms)

Prepare: number of updated asset objects reloaded= 0
AssetImportParameters requested are different than current active one (requested -> active):
  custom:container-demuxer-ogg: 62fdf1f143b41e24485cea50d1cbac27 -> 
  custom:video-decoder-ogg-theora: a1e56fd34408186e4bbccfd4996cb3dc -> 
  custom:CustomObjectIndexerAttribute: d54d2f2da18e7612c182cf67624b6b12 -> 
  custom:container-demuxer-webm: 4f35f7cbe854078d1ac9338744f61a02 -> 
  custom:container-muxer-webm: aa71ff27fc2769a1b78a27578f13a17b -> 
  custom:video-decoder-webm-vp8: 9c59270c3fd7afecdb556c50c9e8de78 -> 
  custom:AudioImporter_EditorPlatform: 3918e3fc78b5a79bad01e8451be0beb8 -> 
  custom:framework-osx-AVFoundation: e770b220cccbd017edd2c1fefb359320 -> 
  custom:video-encoder-webm-vp8: eb34c28f22e8b96e1ab97ce403110664 -> 
  custom:audio-decoder-ogg-vorbis: bf7c407c2cedff20999df2af8eb42d56 -> 
  custom:audio-encoder-webm-vorbis: bf7c407c2cedff20999df2af8eb42d56 -> 
========================================================================
Received Prepare
Begin MonoManager ReloadAssembly
Thread 0x16fc27000 may have been prematurely finalized
- Loaded All Assemblies, in  0.471 seconds
Refreshing native plugins compatible for Editor in 0.92 ms, found 4 plugins.
Native extension for OSXStandalone target not found
Native extension for WebGL target not found
Mono: successfully reloaded assembly
- Finished resetting the current domain, in  0.769 seconds
Domain Reload Profiling: 1241ms
	BeginReloadAssembly (119ms)
		ExecutionOrderSort (0ms)
		DisableScriptedObjects (4ms)
		BackupInstance (0ms)
		ReleaseScriptingObjects (0ms)
		CreateAndSetChildDomain (52ms)
	RebuildCommonClasses (24ms)
	RebuildNativeTypeToScriptingClass (8ms)
	initialDomainReloadingComplete (15ms)
	LoadAllAssembliesAndSetupDomain (305ms)
		LoadAssemblies (160ms)
		RebuildTransferFunctionScriptingTraits (0ms)
		AnalyzeDomain (180ms)
			TypeCache.Refresh (173ms)
				TypeCache.ScanAssembly (160ms)
			ScanForSourceGeneratedMonoScriptInfo (0ms)
			ResolveRequiredComponents (7ms)
	FinalizeReload (769ms)
		ReleaseScriptCaches (0ms)
		RebuildScriptCaches (0ms)
		SetupLoadedEditorAssemblies (277ms)
			LogAssemblyErrors (0ms)
			InitializePlatformSupportModulesInManaged (4ms)
			SetLoadedEditorAssemblies (4ms)
			RefreshPlugins (0ms)
			BeforeProcessingInitializeOnLoad (47ms)
			ProcessInitializeOnLoadAttributes (186ms)
			ProcessInitializeOnLoadMethodAttributes (36ms)
			AfterProcessingInitializeOnLoad (1ms)
			EditorAssembliesLoaded (0ms)
		ExecutionOrderSort2 (0ms)
		AwakeInstancesAfterBackupRestoration (2ms)
Refreshing native plugins compatible for Editor in 0.93 ms, found 4 plugins.
Preloading 0 native plugins for Editor in 0.00 ms.
Unloading 3664 Unused Serialized files (Serialized files now loaded: 0)
Unloading 57 unused Assets / (2.5 MB). Loaded Objects now: 4456.
Memory consumption went from 207.5 MB to 205.1 MB.
Total: 3.393541 ms (FindLiveObjects: 0.139708 ms CreateObjectMapping: 0.046875 ms MarkObjects: 2.575375 ms  DeleteObjects: 0.630791 ms)

Prepare: number of updated asset objects reloaded= 0
AssetImportParameters requested are different than current active one (requested -> active):
  custom:container-demuxer-ogg: 62fdf1f143b41e24485cea50d1cbac27 -> 
  custom:video-decoder-ogg-theora: a1e56fd34408186e4bbccfd4996cb3dc -> 
  custom:CustomObjectIndexerAttribute: d54d2f2da18e7612c182cf67624b6b12 -> 
  custom:container-demuxer-webm: 4f35f7cbe854078d1ac9338744f61a02 -> 
  custom:container-muxer-webm: aa71ff27fc2769a1b78a27578f13a17b -> 
  custom:video-decoder-webm-vp8: 9c59270c3fd7afecdb556c50c9e8de78 -> 
  custom:AudioImporter_EditorPlatform: 3918e3fc78b5a79bad01e8451be0beb8 -> 
  custom:framework-osx-AVFoundation: e770b220cccbd017edd2c1fefb359320 -> 
  custom:video-encoder-webm-vp8: eb34c28f22e8b96e1ab97ce403110664 -> 
  custom:audio-decoder-ogg-vorbis: bf7c407c2cedff20999df2af8eb42d56 -> 
  custom:audio-encoder-webm-vorbis: bf7c407c2cedff20999df2af8eb42d56 -> 
========================================================================
Received Prepare
Begin MonoManager ReloadAssembly
Thread 0x16fc27000 may have been prematurely finalized
- Loaded All Assemblies, in  0.709 seconds
Refreshing native plugins compatible for Editor in 1.74 ms, found 4 plugins.
Native extension for OSXStandalone target not found
Native extension for WebGL target not found
Mono: successfully reloaded assembly
- Finished resetting the current domain, in  1.048 seconds
Domain Reload Profiling: 1757ms
	BeginReloadAssembly (239ms)
		ExecutionOrderSort (0ms)
		DisableScriptedObjects (6ms)
		BackupInstance (0ms)
		ReleaseScriptingObjects (0ms)
		CreateAndSetChildDomain (87ms)
	RebuildCommonClasses (30ms)
	RebuildNativeTypeToScriptingClass (10ms)
	initialDomainReloadingComplete (21ms)
	LoadAllAssembliesAndSetupDomain (408ms)
		LoadAssemblies (247ms)
		RebuildTransferFunctionScriptingTraits (0ms)
		AnalyzeDomain (268ms)
			TypeCache.Refresh (258ms)
				TypeCache.ScanAssembly (241ms)
			ScanForSourceGeneratedMonoScriptInfo (1ms)
			ResolveRequiredComponents (9ms)
	FinalizeReload (1048ms)
		ReleaseScriptCaches (0ms)
		RebuildScriptCaches (0ms)
		SetupLoadedEditorAssemblies (348ms)
			LogAssemblyErrors (0ms)
			InitializePlatformSupportModulesInManaged (4ms)
			SetLoadedEditorAssemblies (5ms)
			RefreshPlugins (0ms)
			BeforeProcessingInitializeOnLoad (55ms)
			ProcessInitializeOnLoadAttributes (238ms)
			ProcessInitializeOnLoadMethodAttributes (44ms)
			AfterProcessingInitializeOnLoad (1ms)
			EditorAssembliesLoaded (0ms)
		ExecutionOrderSort2 (0ms)
		AwakeInstancesAfterBackupRestoration (5ms)
Refreshing native plugins compatible for Editor in 1.25 ms, found 4 plugins.
Preloading 0 native plugins for Editor in 0.00 ms.
Unloading 3664 Unused Serialized files (Serialized files now loaded: 0)
Unloading 57 unused Assets / (2.5 MB). Loaded Objects now: 4471.
Memory consumption went from 206.4 MB to 203.9 MB.
Total: 4.729458 ms (FindLiveObjects: 0.352167 ms CreateObjectMapping: 0.060542 ms MarkObjects: 3.522333 ms  DeleteObjects: 0.793625 ms)

Prepare: number of updated asset objects reloaded= 0
AssetImportParameters requested are different than current active one (requested -> active):
  custom:container-demuxer-ogg: 62fdf1f143b41e24485cea50d1cbac27 -> 
  custom:video-decoder-ogg-theora: a1e56fd34408186e4bbccfd4996cb3dc -> 
  custom:CustomObjectIndexerAttribute: d54d2f2da18e7612c182cf67624b6b12 -> 
  custom:container-demuxer-webm: 4f35f7cbe854078d1ac9338744f61a02 -> 
  custom:container-muxer-webm: aa71ff27fc2769a1b78a27578f13a17b -> 
  custom:video-decoder-webm-vp8: 9c59270c3fd7afecdb556c50c9e8de78 -> 
  custom:AudioImporter_EditorPlatform: 3918e3fc78b5a79bad01e8451be0beb8 -> 
  custom:framework-osx-AVFoundation: e770b220cccbd017edd2c1fefb359320 -> 
  custom:video-encoder-webm-vp8: eb34c28f22e8b96e1ab97ce403110664 -> 
  custom:audio-decoder-ogg-vorbis: bf7c407c2cedff20999df2af8eb42d56 -> 
  custom:audio-encoder-webm-vorbis: bf7c407c2cedff20999df2af8eb42d56 -> 
